The target system is: Android - 1 - armv7-a
The host system is: Linux - 4.15.0-46-generic - x86_64
Determining if the C compiler works passed with the following output:
Change Dir: /home/chaos/Scouting-2019-Python/.buildozer/android/platform/build/build/other_builds/jpeg/armeabi-v7a__ndk_target_21/jpeg/CMakeFiles/CMakeTmp

Run Build Command:"/usr/bin/make" "cmTC_5852c/fast"
/usr/bin/make -f CMakeFiles/cmTC_5852c.dir/build.make CMakeFiles/cmTC_5852c.dir/build
make[1]: Entering directory '/home/chaos/Scouting-2019-Python/.buildozer/android/platform/build/build/other_builds/jpeg/armeabi-v7a__ndk_target_21/jpeg/CMakeFiles/CMakeTmp'
Building C object CMakeFiles/cmTC_5852c.dir/testCCompiler.c.o
/home/chaos/.buildozer/android/platform/android-ndk-r17c/toolchains/llvm/prebuilt/linux-x86_64/bin/clang --target=armv7-none-linux-androideabi --gcc-toolchain=/home/chaos/.buildozer/android/platform/android-ndk-r17c/toolchains/arm-linux-androideabi-4.9/prebuilt/linux-x86_64 --sysroot=/home/chaos/.buildozer/android/platform/android-ndk-r17c/sysroot   -isystem /home/chaos/.buildozer/android/platform/android-ndk-r17c/sysroot/usr/include/arm-linux-androideabi -D__ANDROID_API__=14 -g -DANDROID -ffunction-sections -funwind-tables -fstack-protector-strong -no-canonical-prefixes -march=armv7-a -mfloat-abi=softfp -mfpu=vfpv3-d16 -mthumb -mfpu=neon -Wa,--noexecstack -Wformat -Werror=format-security   -fPIE   -o CMakeFiles/cmTC_5852c.dir/testCCompiler.c.o   -c /home/chaos/Scouting-2019-Python/.buildozer/android/platform/build/build/other_builds/jpeg/armeabi-v7a__ndk_target_21/jpeg/CMakeFiles/CMakeTmp/testCCompiler.c
Linking C executable cmTC_5852c
/usr/bin/cmake -E cmake_link_script CMakeFiles/cmTC_5852c.dir/link.txt --verbose=1
/home/chaos/.buildozer/android/platform/android-ndk-r17c/toolchains/llvm/prebuilt/linux-x86_64/bin/clang --target=armv7-none-linux-androideabi --gcc-toolchain=/home/chaos/.buildozer/android/platform/android-ndk-r17c/toolchains/arm-linux-androideabi-4.9/prebuilt/linux-x86_64 --sysroot=/home/chaos/.buildozer/android/platform/android-ndk-r17c/sysroot -isystem /home/chaos/.buildozer/android/platform/android-ndk-r17c/sysroot/usr/include/arm-linux-androideabi -D__ANDROID_API__=14 -g -DANDROID -ffunction-sections -funwind-tables -fstack-protector-strong -no-canonical-prefixes -march=armv7-a -mfloat-abi=softfp -mfpu=vfpv3-d16 -mthumb -mfpu=neon -Wa,--noexecstack -Wformat -Werror=format-security    -Wl,--exclude-libs,libgcc.a -Wl,--exclude-libs,libatomic.a -nostdlib++ --sysroot /home/chaos/.buildozer/android/platform/android-ndk-r17c/platforms/android-14/arch-arm -Wl,--build-id -Wl,--warn-shared-textrel -Wl,--fatal-warnings -Wl,--fix-cortex-a8 -Wl,--exclude-libs,libunwind.a -L/home/chaos/.buildozer/android/platform/android-ndk-r17c/sources/cxx-stl/llvm-libc++/libs/armeabi-v7a -Wl,--no-undefined -Wl,-z,noexecstack -Qunused-arguments -Wl,-z,relro -Wl,-z,now -Wl,--gc-sections -Wl,-z,nocopyreloc   CMakeFiles/cmTC_5852c.dir/testCCompiler.c.o  -o cmTC_5852c -latomic -lm 
make[1]: Leaving directory '/home/chaos/Scouting-2019-Python/.buildozer/android/platform/build/build/other_builds/jpeg/armeabi-v7a__ndk_target_21/jpeg/CMakeFiles/CMakeTmp'


Detecting C compiler ABI info compiled with the following output:
Change Dir: /home/chaos/Scouting-2019-Python/.buildozer/android/platform/build/build/other_builds/jpeg/armeabi-v7a__ndk_target_21/jpeg/CMakeFiles/CMakeTmp

Run Build Command:"/usr/bin/make" "cmTC_d6896/fast"
/usr/bin/make -f CMakeFiles/cmTC_d6896.dir/build.make CMakeFiles/cmTC_d6896.dir/build
make[1]: Entering directory '/home/chaos/Scouting-2019-Python/.buildozer/android/platform/build/build/other_builds/jpeg/armeabi-v7a__ndk_target_21/jpeg/CMakeFiles/CMakeTmp'
Building C object CMakeFiles/cmTC_d6896.dir/CMakeCCompilerABI.c.o
/home/chaos/.buildozer/android/platform/android-ndk-r17c/toolchains/llvm/prebuilt/linux-x86_64/bin/clang --target=armv7-none-linux-androideabi --gcc-toolchain=/home/chaos/.buildozer/android/platform/android-ndk-r17c/toolchains/arm-linux-androideabi-4.9/prebuilt/linux-x86_64 --sysroot=/home/chaos/.buildozer/android/platform/android-ndk-r17c/sysroot   -isystem /home/chaos/.buildozer/android/platform/android-ndk-r17c/sysroot/usr/include/arm-linux-androideabi -D__ANDROID_API__=14 -g -DANDROID -ffunction-sections -funwind-tables -fstack-protector-strong -no-canonical-prefixes -march=armv7-a -mfloat-abi=softfp -mfpu=vfpv3-d16 -mthumb -mfpu=neon -Wa,--noexecstack -Wformat -Werror=format-security   -fPIE   -o CMakeFiles/cmTC_d6896.dir/CMakeCCompilerABI.c.o   -c /usr/share/cmake-3.10/Modules/CMakeCCompilerABI.c
Linking C executable cmTC_d6896
/usr/bin/cmake -E cmake_link_script CMakeFiles/cmTC_d6896.dir/link.txt --verbose=1
/home/chaos/.buildozer/android/platform/android-ndk-r17c/toolchains/llvm/prebuilt/linux-x86_64/bin/clang --target=armv7-none-linux-androideabi --gcc-toolchain=/home/chaos/.buildozer/android/platform/android-ndk-r17c/toolchains/arm-linux-androideabi-4.9/prebuilt/linux-x86_64 --sysroot=/home/chaos/.buildozer/android/platform/android-ndk-r17c/sysroot -isystem /home/chaos/.buildozer/android/platform/android-ndk-r17c/sysroot/usr/include/arm-linux-androideabi -D__ANDROID_API__=14 -g -DANDROID -ffunction-sections -funwind-tables -fstack-protector-strong -no-canonical-prefixes -march=armv7-a -mfloat-abi=softfp -mfpu=vfpv3-d16 -mthumb -mfpu=neon -Wa,--noexecstack -Wformat -Werror=format-security    -Wl,--exclude-libs,libgcc.a -Wl,--exclude-libs,libatomic.a -nostdlib++ --sysroot /home/chaos/.buildozer/android/platform/android-ndk-r17c/platforms/android-14/arch-arm -Wl,--build-id -Wl,--warn-shared-textrel -Wl,--fatal-warnings -Wl,--fix-cortex-a8 -Wl,--exclude-libs,libunwind.a -L/home/chaos/.buildozer/android/platform/android-ndk-r17c/sources/cxx-stl/llvm-libc++/libs/armeabi-v7a -Wl,--no-undefined -Wl,-z,noexecstack -Qunused-arguments -Wl,-z,relro -Wl,-z,now -Wl,--gc-sections -Wl,-z,nocopyreloc  -v CMakeFiles/cmTC_d6896.dir/CMakeCCompilerABI.c.o  -o cmTC_d6896 
Android (4691093 based on r316199) clang version 6.0.2 (https://android.googlesource.com/toolchain/clang 183abd29fc496f55536e7d904e0abae47888fc7f) (https://android.googlesource.com/toolchain/llvm 34361f192e41ed6e4e8f9aca80a4ea7e9856f327) (based on LLVM 6.0.2svn)
Target: armv7-none-linux-android
Thread model: posix
InstalledDir: /home/chaos/.buildozer/android/platform/android-ndk-r17c/toolchains/llvm/prebuilt/linux-x86_64/bin
Found candidate GCC installation: /home/chaos/.buildozer/android/platform/android-ndk-r17c/toolchains/arm-linux-androideabi-4.9/prebuilt/linux-x86_64/lib/gcc/arm-linux-androideabi/4.9.x
Selected GCC installation: /home/chaos/.buildozer/android/platform/android-ndk-r17c/toolchains/arm-linux-androideabi-4.9/prebuilt/linux-x86_64/lib/gcc/arm-linux-androideabi/4.9.x
Candidate multilib: thumb;@mthumb
Candidate multilib: armv7-a;@march=armv7-a
Candidate multilib: armv7-a/thumb;@march=armv7-a@mthumb
Candidate multilib: .;
Selected multilib: armv7-a/thumb;@march=armv7-a@mthumb
 "/home/chaos/.buildozer/android/platform/android-ndk-r17c/toolchains/arm-linux-androideabi-4.9/prebuilt/linux-x86_64/lib/gcc/arm-linux-androideabi/4.9.x/../../../../arm-linux-androideabi/bin/ld" --sysroot=/home/chaos/.buildozer/android/platform/android-ndk-r17c/platforms/android-14/arch-arm -X --eh-frame-hdr -m armelf_linux_eabi -dynamic-linker /system/bin/linker -o cmTC_d6896 /home/chaos/.buildozer/android/platform/android-ndk-r17c/platforms/android-14/arch-arm/usr/lib/../lib/crtbegin_dynamic.o -L/home/chaos/.buildozer/android/platform/android-ndk-r17c/sources/cxx-stl/llvm-libc++/libs/armeabi-v7a -L/home/chaos/.buildozer/android/platform/android-ndk-r17c/toolchains/llvm/prebuilt/linux-x86_64/lib64/clang/6.0.2/lib/linux/arm -L/home/chaos/.buildozer/android/platform/android-ndk-r17c/toolchains/arm-linux-androideabi-4.9/prebuilt/linux-x86_64/lib/gcc/arm-linux-androideabi/4.9.x/armv7-a/thumb -L/home/chaos/.buildozer/android/platform/android-ndk-r17c/toolchains/arm-linux-androideabi-4.9/prebuilt/linux-x86_64/lib/gcc/arm-linux-androideabi/4.9.x/../../../../arm-linux-androideabi/lib/../lib/armv7-a/thumb -L/home/chaos/.buildozer/android/platform/android-ndk-r17c/platforms/android-14/arch-arm/usr/lib/../lib -L/home/chaos/.buildozer/android/platform/android-ndk-r17c/toolchains/arm-linux-androideabi-4.9/prebuilt/linux-x86_64/lib/gcc/arm-linux-androideabi/4.9.x/../../../../arm-linux-androideabi/lib/armv7-a/thumb -L/home/chaos/.buildozer/android/platform/android-ndk-r17c/platforms/android-14/arch-arm/usr/lib --exclude-libs libgcc.a --exclude-libs libatomic.a --build-id --warn-shared-textrel --fatal-warnings --fix-cortex-a8 --exclude-libs libunwind.a --no-undefined -z noexecstack -z relro -z now --gc-sections -z nocopyreloc CMakeFiles/cmTC_d6896.dir/CMakeCCompilerABI.c.o -lgcc -ldl -lc -lgcc -ldl /home/chaos/.buildozer/android/platform/android-ndk-r17c/platforms/android-14/arch-arm/usr/lib/../lib/crtend_android.o
make[1]: Leaving directory '/home/chaos/Scouting-2019-Python/.buildozer/android/platform/build/build/other_builds/jpeg/armeabi-v7a__ndk_target_21/jpeg/CMakeFiles/CMakeTmp'


Parsed C implicit link information from above output:
  link line regex: [^( *|.*[/\])(arm-linux-androideabi-ld|CMAKE_LINK_STARTFILE-NOTFOUND|([^/\]+-)?ld|collect2)[^/\]*( |$)]
  ignore line: [Change Dir: /home/chaos/Scouting-2019-Python/.buildozer/android/platform/build/build/other_builds/jpeg/armeabi-v7a__ndk_target_21/jpeg/CMakeFiles/CMakeTmp]
  ignore line: []
  ignore line: [Run Build Command:"/usr/bin/make" "cmTC_d6896/fast"]
  ignore line: [/usr/bin/make -f CMakeFiles/cmTC_d6896.dir/build.make CMakeFiles/cmTC_d6896.dir/build]
  ignore line: [make[1]: Entering directory '/home/chaos/Scouting-2019-Python/.buildozer/android/platform/build/build/other_builds/jpeg/armeabi-v7a__ndk_target_21/jpeg/CMakeFiles/CMakeTmp']
  ignore line: [Building C object CMakeFiles/cmTC_d6896.dir/CMakeCCompilerABI.c.o]
  ignore line: [/home/chaos/.buildozer/android/platform/android-ndk-r17c/toolchains/llvm/prebuilt/linux-x86_64/bin/clang --target=armv7-none-linux-androideabi --gcc-toolchain=/home/chaos/.buildozer/android/platform/android-ndk-r17c/toolchains/arm-linux-androideabi-4.9/prebuilt/linux-x86_64 --sysroot=/home/chaos/.buildozer/android/platform/android-ndk-r17c/sysroot   -isystem /home/chaos/.buildozer/android/platform/android-ndk-r17c/sysroot/usr/include/arm-linux-androideabi -D__ANDROID_API__=14 -g -DANDROID -ffunction-sections -funwind-tables -fstack-protector-strong -no-canonical-prefixes -march=armv7-a -mfloat-abi=softfp -mfpu=vfpv3-d16 -mthumb -mfpu=neon -Wa,--noexecstack -Wformat -Werror=format-security   -fPIE   -o CMakeFiles/cmTC_d6896.dir/CMakeCCompilerABI.c.o   -c /usr/share/cmake-3.10/Modules/CMakeCCompilerABI.c]
  ignore line: [Linking C executable cmTC_d6896]
  ignore line: [/usr/bin/cmake -E cmake_link_script CMakeFiles/cmTC_d6896.dir/link.txt --verbose=1]
  ignore line: [/home/chaos/.buildozer/android/platform/android-ndk-r17c/toolchains/llvm/prebuilt/linux-x86_64/bin/clang --target=armv7-none-linux-androideabi --gcc-toolchain=/home/chaos/.buildozer/android/platform/android-ndk-r17c/toolchains/arm-linux-androideabi-4.9/prebuilt/linux-x86_64 --sysroot=/home/chaos/.buildozer/android/platform/android-ndk-r17c/sysroot -isystem /home/chaos/.buildozer/android/platform/android-ndk-r17c/sysroot/usr/include/arm-linux-androideabi -D__ANDROID_API__=14 -g -DANDROID -ffunction-sections -funwind-tables -fstack-protector-strong -no-canonical-prefixes -march=armv7-a -mfloat-abi=softfp -mfpu=vfpv3-d16 -mthumb -mfpu=neon -Wa,--noexecstack -Wformat -Werror=format-security    -Wl,--exclude-libs,libgcc.a -Wl,--exclude-libs,libatomic.a -nostdlib++ --sysroot /home/chaos/.buildozer/android/platform/android-ndk-r17c/platforms/android-14/arch-arm -Wl,--build-id -Wl,--warn-shared-textrel -Wl,--fatal-warnings -Wl,--fix-cortex-a8 -Wl,--exclude-libs,libunwind.a -L/home/chaos/.buildozer/android/platform/android-ndk-r17c/sources/cxx-stl/llvm-libc++/libs/armeabi-v7a -Wl,--no-undefined -Wl,-z,noexecstack -Qunused-arguments -Wl,-z,relro -Wl,-z,now -Wl,--gc-sections -Wl,-z,nocopyreloc  -v CMakeFiles/cmTC_d6896.dir/CMakeCCompilerABI.c.o  -o cmTC_d6896 ]
  ignore line: [Android (4691093 based on r316199) clang version 6.0.2 (https://android.googlesource.com/toolchain/clang 183abd29fc496f55536e7d904e0abae47888fc7f) (https://android.googlesource.com/toolchain/llvm 34361f192e41ed6e4e8f9aca80a4ea7e9856f327) (based on LLVM 6.0.2svn)]
  ignore line: [Target: armv7-none-linux-android]
  ignore line: [Thread model: posix]
  ignore line: [InstalledDir: /home/chaos/.buildozer/android/platform/android-ndk-r17c/toolchains/llvm/prebuilt/linux-x86_64/bin]
  ignore line: [Found candidate GCC installation: /home/chaos/.buildozer/android/platform/android-ndk-r17c/toolchains/arm-linux-androideabi-4.9/prebuilt/linux-x86_64/lib/gcc/arm-linux-androideabi/4.9.x]
  ignore line: [Selected GCC installation: /home/chaos/.buildozer/android/platform/android-ndk-r17c/toolchains/arm-linux-androideabi-4.9/prebuilt/linux-x86_64/lib/gcc/arm-linux-androideabi/4.9.x]
  ignore line: [Candidate multilib: thumb]
  ignore line: [@mthumb]
  ignore line: [Candidate multilib: armv7-a]
  ignore line: [@march=armv7-a]
  ignore line: [Candidate multilib: armv7-a/thumb]
  ignore line: [@march=armv7-a@mthumb]
  ignore line: [Candidate multilib: .]
  ignore line: []
  ignore line: [Selected multilib: armv7-a/thumb]
  ignore line: [@march=armv7-a@mthumb]
  link line: [ "/home/chaos/.buildozer/android/platform/android-ndk-r17c/toolchains/arm-linux-androideabi-4.9/prebuilt/linux-x86_64/lib/gcc/arm-linux-androideabi/4.9.x/../../../../arm-linux-androideabi/bin/ld" --sysroot=/home/chaos/.buildozer/android/platform/android-ndk-r17c/platforms/android-14/arch-arm -X --eh-frame-hdr -m armelf_linux_eabi -dynamic-linker /system/bin/linker -o cmTC_d6896 /home/chaos/.buildozer/android/platform/android-ndk-r17c/platforms/android-14/arch-arm/usr/lib/../lib/crtbegin_dynamic.o -L/home/chaos/.buildozer/android/platform/android-ndk-r17c/sources/cxx-stl/llvm-libc++/libs/armeabi-v7a -L/home/chaos/.buildozer/android/platform/android-ndk-r17c/toolchains/llvm/prebuilt/linux-x86_64/lib64/clang/6.0.2/lib/linux/arm -L/home/chaos/.buildozer/android/platform/android-ndk-r17c/toolchains/arm-linux-androideabi-4.9/prebuilt/linux-x86_64/lib/gcc/arm-linux-androideabi/4.9.x/armv7-a/thumb -L/home/chaos/.buildozer/android/platform/android-ndk-r17c/toolchains/arm-linux-androideabi-4.9/prebuilt/linux-x86_64/lib/gcc/arm-linux-androideabi/4.9.x/../../../../arm-linux-androideabi/lib/../lib/armv7-a/thumb -L/home/chaos/.buildozer/android/platform/android-ndk-r17c/platforms/android-14/arch-arm/usr/lib/../lib -L/home/chaos/.buildozer/android/platform/android-ndk-r17c/toolchains/arm-linux-androideabi-4.9/prebuilt/linux-x86_64/lib/gcc/arm-linux-androideabi/4.9.x/../../../../arm-linux-androideabi/lib/armv7-a/thumb -L/home/chaos/.buildozer/android/platform/android-ndk-r17c/platforms/android-14/arch-arm/usr/lib --exclude-libs libgcc.a --exclude-libs libatomic.a --build-id --warn-shared-textrel --fatal-warnings --fix-cortex-a8 --exclude-libs libunwind.a --no-undefined -z noexecstack -z relro -z now --gc-sections -z nocopyreloc CMakeFiles/cmTC_d6896.dir/CMakeCCompilerABI.c.o -lgcc -ldl -lc -lgcc -ldl /home/chaos/.buildozer/android/platform/android-ndk-r17c/platforms/android-14/arch-arm/usr/lib/../lib/crtend_android.o]
    arg [/home/chaos/.buildozer/android/platform/android-ndk-r17c/toolchains/arm-linux-androideabi-4.9/prebuilt/linux-x86_64/lib/gcc/arm-linux-androideabi/4.9.x/../../../../arm-linux-androideabi/bin/ld] ==> ignore
    arg [--sysroot=/home/chaos/.buildozer/android/platform/android-ndk-r17c/platforms/android-14/arch-arm] ==> ignore
    arg [-X] ==> ignore
    arg [--eh-frame-hdr] ==> ignore
    arg [-m] ==> ignore
    arg [armelf_linux_eabi] ==> ignore
    arg [-dynamic-linker] ==> ignore
    arg [/system/bin/linker] ==> ignore
    arg [-o] ==> ignore
    arg [cmTC_d6896] ==> ignore
    arg [/home/chaos/.buildozer/android/platform/android-ndk-r17c/platforms/android-14/arch-arm/usr/lib/../lib/crtbegin_dynamic.o] ==> ignore
    arg [-L/home/chaos/.buildozer/android/platform/android-ndk-r17c/sources/cxx-stl/llvm-libc++/libs/armeabi-v7a] ==> dir [/home/chaos/.buildozer/android/platform/android-ndk-r17c/sources/cxx-stl/llvm-libc++/libs/armeabi-v7a]
    arg [-L/home/chaos/.buildozer/android/platform/android-ndk-r17c/toolchains/llvm/prebuilt/linux-x86_64/lib64/clang/6.0.2/lib/linux/arm] ==> dir [/home/chaos/.buildozer/android/platform/android-ndk-r17c/toolchains/llvm/prebuilt/linux-x86_64/lib64/clang/6.0.2/lib/linux/arm]
    arg [-L/home/chaos/.buildozer/android/platform/android-ndk-r17c/toolchains/arm-linux-androideabi-4.9/prebuilt/linux-x86_64/lib/gcc/arm-linux-androideabi/4.9.x/armv7-a/thumb] ==> dir [/home/chaos/.buildozer/android/platform/android-ndk-r17c/toolchains/arm-linux-androideabi-4.9/prebuilt/linux-x86_64/lib/gcc/arm-linux-androideabi/4.9.x/armv7-a/thumb]
    arg [-L/home/chaos/.buildozer/android/platform/android-ndk-r17c/toolchains/arm-linux-androideabi-4.9/prebuilt/linux-x86_64/lib/gcc/arm-linux-androideabi/4.9.x/../../../../arm-linux-androideabi/lib/../lib/armv7-a/thumb] ==> dir [/home/chaos/.buildozer/android/platform/android-ndk-r17c/toolchains/arm-linux-androideabi-4.9/prebuilt/linux-x86_64/lib/gcc/arm-linux-androideabi/4.9.x/../../../../arm-linux-androideabi/lib/../lib/armv7-a/thumb]
    arg [-L/home/chaos/.buildozer/android/platform/android-ndk-r17c/platforms/android-14/arch-arm/usr/lib/../lib] ==> dir [/home/chaos/.buildozer/android/platform/android-ndk-r17c/platforms/android-14/arch-arm/usr/lib/../lib]
    arg [-L/home/chaos/.buildozer/android/platform/android-ndk-r17c/toolchains/arm-linux-androideabi-4.9/prebuilt/linux-x86_64/lib/gcc/arm-linux-androideabi/4.9.x/../../../../arm-linux-androideabi/lib/armv7-a/thumb] ==> dir [/home/chaos/.buildozer/android/platform/android-ndk-r17c/toolchains/arm-linux-androideabi-4.9/prebuilt/linux-x86_64/lib/gcc/arm-linux-androideabi/4.9.x/../../../../arm-linux-androideabi/lib/armv7-a/thumb]
    arg [-L/home/chaos/.buildozer/android/platform/android-ndk-r17c/platforms/android-14/arch-arm/usr/lib] ==> dir [/home/chaos/.buildozer/android/platform/android-ndk-r17c/platforms/android-14/arch-arm/usr/lib]
    arg [--exclude-libs] ==> ignore
    arg [libgcc.a] ==> ignore
    arg [--exclude-libs] ==> ignore
    arg [libatomic.a] ==> ignore
    arg [--build-id] ==> ignore
    arg [--warn-shared-textrel] ==> ignore
    arg [--fatal-warnings] ==> ignore
    arg [--fix-cortex-a8] ==> ignore
    arg [--exclude-libs] ==> ignore
    arg [libunwind.a] ==> ignore
    arg [--no-undefined] ==> ignore
    arg [-znoexecstack] ==> ignore
    arg [-zrelro] ==> ignore
    arg [-znow] ==> ignore
    arg [--gc-sections] ==> ignore
    arg [-znocopyreloc] ==> ignore
    arg [CMakeFiles/cmTC_d6896.dir/CMakeCCompilerABI.c.o] ==> ignore
    arg [-lgcc] ==> lib [gcc]
    arg [-ldl] ==> lib [dl]
    arg [-lc] ==> lib [c]
    arg [-lgcc] ==> lib [gcc]
    arg [-ldl] ==> lib [dl]
    arg [/home/chaos/.buildozer/android/platform/android-ndk-r17c/platforms/android-14/arch-arm/usr/lib/../lib/crtend_android.o] ==> ignore
  collapse library dir [/home/chaos/.buildozer/android/platform/android-ndk-r17c/sources/cxx-stl/llvm-libc++/libs/armeabi-v7a] ==> [/home/chaos/.buildozer/android/platform/android-ndk-r17c/sources/cxx-stl/llvm-libc++/libs/armeabi-v7a]
  collapse library dir [/home/chaos/.buildozer/android/platform/android-ndk-r17c/toolchains/llvm/prebuilt/linux-x86_64/lib64/clang/6.0.2/lib/linux/arm] ==> [/home/chaos/.buildozer/android/platform/android-ndk-r17c/toolchains/llvm/prebuilt/linux-x86_64/lib64/clang/6.0.2/lib/linux/arm]
  collapse library dir [/home/chaos/.buildozer/android/platform/android-ndk-r17c/toolchains/arm-linux-androideabi-4.9/prebuilt/linux-x86_64/lib/gcc/arm-linux-androideabi/4.9.x/armv7-a/thumb] ==> [/home/chaos/.buildozer/android/platform/android-ndk-r17c/toolchains/arm-linux-androideabi-4.9/prebuilt/linux-x86_64/lib/gcc/arm-linux-androideabi/4.9.x/armv7-a/thumb]
  collapse library dir [/home/chaos/.buildozer/android/platform/android-ndk-r17c/toolchains/arm-linux-androideabi-4.9/prebuilt/linux-x86_64/lib/gcc/arm-linux-androideabi/4.9.x/../../../../arm-linux-androideabi/lib/../lib/armv7-a/thumb] ==> [/home/chaos/.buildozer/android/platform/android-ndk-r17c/toolchains/arm-linux-androideabi-4.9/prebuilt/linux-x86_64/arm-linux-androideabi/lib/armv7-a/thumb]
  collapse library dir [/home/chaos/.buildozer/android/platform/android-ndk-r17c/platforms/android-14/arch-arm/usr/lib/../lib] ==> [/home/chaos/.buildozer/android/platform/android-ndk-r17c/platforms/android-14/arch-arm/usr/lib]
  collapse library dir [/home/chaos/.buildozer/android/platform/android-ndk-r17c/toolchains/arm-linux-androideabi-4.9/prebuilt/linux-x86_64/lib/gcc/arm-linux-androideabi/4.9.x/../../../../arm-linux-androideabi/lib/armv7-a/thumb] ==> [/home/chaos/.buildozer/android/platform/android-ndk-r17c/toolchains/arm-linux-androideabi-4.9/prebuilt/linux-x86_64/arm-linux-androideabi/lib/armv7-a/thumb]
  collapse library dir [/home/chaos/.buildozer/android/platform/android-ndk-r17c/platforms/android-14/arch-arm/usr/lib] ==> [/home/chaos/.buildozer/android/platform/android-ndk-r17c/platforms/android-14/arch-arm/usr/lib]
  implicit libs: [gcc;dl;c;gcc;dl]
  implicit dirs: [/home/chaos/.buildozer/android/platform/android-ndk-r17c/sources/cxx-stl/llvm-libc++/libs/armeabi-v7a;/home/chaos/.buildozer/android/platform/android-ndk-r17c/toolchains/llvm/prebuilt/linux-x86_64/lib64/clang/6.0.2/lib/linux/arm;/home/chaos/.buildozer/android/platform/android-ndk-r17c/toolchains/arm-linux-androideabi-4.9/prebuilt/linux-x86_64/lib/gcc/arm-linux-androideabi/4.9.x/armv7-a/thumb;/home/chaos/.buildozer/android/platform/android-ndk-r17c/toolchains/arm-linux-androideabi-4.9/prebuilt/linux-x86_64/arm-linux-androideabi/lib/armv7-a/thumb;/home/chaos/.buildozer/android/platform/android-ndk-r17c/platforms/android-14/arch-arm/usr/lib]
  implicit fwks: []




Detecting C [-std=c11] compiler features compiled with the following output:
Change Dir: /home/chaos/Scouting-2019-Python/.buildozer/android/platform/build/build/other_builds/jpeg/armeabi-v7a__ndk_target_21/jpeg/CMakeFiles/CMakeTmp

Run Build Command:"/usr/bin/make" "cmTC_42e0a/fast"
/usr/bin/make -f CMakeFiles/cmTC_42e0a.dir/build.make CMakeFiles/cmTC_42e0a.dir/build
make[1]: Entering directory '/home/chaos/Scouting-2019-Python/.buildozer/android/platform/build/build/other_builds/jpeg/armeabi-v7a__ndk_target_21/jpeg/CMakeFiles/CMakeTmp'
Building C object CMakeFiles/cmTC_42e0a.dir/feature_tests.c.o
/home/chaos/.buildozer/android/platform/android-ndk-r17c/toolchains/llvm/prebuilt/linux-x86_64/bin/clang --target=armv7-none-linux-androideabi --gcc-toolchain=/home/chaos/.buildozer/android/platform/android-ndk-r17c/toolchains/arm-linux-androideabi-4.9/prebuilt/linux-x86_64 --sysroot=/home/chaos/.buildozer/android/platform/android-ndk-r17c/sysroot   -isystem /home/chaos/.buildozer/android/platform/android-ndk-r17c/sysroot/usr/include/arm-linux-androideabi -D__ANDROID_API__=14 -g -DANDROID -ffunction-sections -funwind-tables -fstack-protector-strong -no-canonical-prefixes -march=armv7-a -mfloat-abi=softfp -mfpu=vfpv3-d16 -mthumb -mfpu=neon -Wa,--noexecstack -Wformat -Werror=format-security   -fPIE   -std=c11 -o CMakeFiles/cmTC_42e0a.dir/feature_tests.c.o   -c /home/chaos/Scouting-2019-Python/.buildozer/android/platform/build/build/other_builds/jpeg/armeabi-v7a__ndk_target_21/jpeg/CMakeFiles/feature_tests.c
Linking C executable cmTC_42e0a
/usr/bin/cmake -E cmake_link_script CMakeFiles/cmTC_42e0a.dir/link.txt --verbose=1
/home/chaos/.buildozer/android/platform/android-ndk-r17c/toolchains/llvm/prebuilt/linux-x86_64/bin/clang --target=armv7-none-linux-androideabi --gcc-toolchain=/home/chaos/.buildozer/android/platform/android-ndk-r17c/toolchains/arm-linux-androideabi-4.9/prebuilt/linux-x86_64 --sysroot=/home/chaos/.buildozer/android/platform/android-ndk-r17c/sysroot -isystem /home/chaos/.buildozer/android/platform/android-ndk-r17c/sysroot/usr/include/arm-linux-androideabi -D__ANDROID_API__=14 -g -DANDROID -ffunction-sections -funwind-tables -fstack-protector-strong -no-canonical-prefixes -march=armv7-a -mfloat-abi=softfp -mfpu=vfpv3-d16 -mthumb -mfpu=neon -Wa,--noexecstack -Wformat -Werror=format-security    -Wl,--exclude-libs,libgcc.a -Wl,--exclude-libs,libatomic.a -nostdlib++ --sysroot /home/chaos/.buildozer/android/platform/android-ndk-r17c/platforms/android-14/arch-arm -Wl,--build-id -Wl,--warn-shared-textrel -Wl,--fatal-warnings -Wl,--fix-cortex-a8 -Wl,--exclude-libs,libunwind.a -L/home/chaos/.buildozer/android/platform/android-ndk-r17c/sources/cxx-stl/llvm-libc++/libs/armeabi-v7a -Wl,--no-undefined -Wl,-z,noexecstack -Qunused-arguments -Wl,-z,relro -Wl,-z,now -Wl,--gc-sections -Wl,-z,nocopyreloc   CMakeFiles/cmTC_42e0a.dir/feature_tests.c.o  -o cmTC_42e0a -latomic -lm 
make[1]: Leaving directory '/home/chaos/Scouting-2019-Python/.buildozer/android/platform/build/build/other_builds/jpeg/armeabi-v7a__ndk_target_21/jpeg/CMakeFiles/CMakeTmp'


    Feature record: C_FEATURE:1c_function_prototypes
    Feature record: C_FEATURE:1c_restrict
    Feature record: C_FEATURE:1c_static_assert
    Feature record: C_FEATURE:1c_variadic_macros


Detecting C [-std=c99] compiler features compiled with the following output:
Change Dir: /home/chaos/Scouting-2019-Python/.buildozer/android/platform/build/build/other_builds/jpeg/armeabi-v7a__ndk_target_21/jpeg/CMakeFiles/CMakeTmp

Run Build Command:"/usr/bin/make" "cmTC_81881/fast"
/usr/bin/make -f CMakeFiles/cmTC_81881.dir/build.make CMakeFiles/cmTC_81881.dir/build
make[1]: Entering directory '/home/chaos/Scouting-2019-Python/.buildozer/android/platform/build/build/other_builds/jpeg/armeabi-v7a__ndk_target_21/jpeg/CMakeFiles/CMakeTmp'
Building C object CMakeFiles/cmTC_81881.dir/feature_tests.c.o
/home/chaos/.buildozer/android/platform/android-ndk-r17c/toolchains/llvm/prebuilt/linux-x86_64/bin/clang --target=armv7-none-linux-androideabi --gcc-toolchain=/home/chaos/.buildozer/android/platform/android-ndk-r17c/toolchains/arm-linux-androideabi-4.9/prebuilt/linux-x86_64 --sysroot=/home/chaos/.buildozer/android/platform/android-ndk-r17c/sysroot   -isystem /home/chaos/.buildozer/android/platform/android-ndk-r17c/sysroot/usr/include/arm-linux-androideabi -D__ANDROID_API__=14 -g -DANDROID -ffunction-sections -funwind-tables -fstack-protector-strong -no-canonical-prefixes -march=armv7-a -mfloat-abi=softfp -mfpu=vfpv3-d16 -mthumb -mfpu=neon -Wa,--noexecstack -Wformat -Werror=format-security   -fPIE   -std=c99 -o CMakeFiles/cmTC_81881.dir/feature_tests.c.o   -c /home/chaos/Scouting-2019-Python/.buildozer/android/platform/build/build/other_builds/jpeg/armeabi-v7a__ndk_target_21/jpeg/CMakeFiles/feature_tests.c
Linking C executable cmTC_81881
/usr/bin/cmake -E cmake_link_script CMakeFiles/cmTC_81881.dir/link.txt --verbose=1
/home/chaos/.buildozer/android/platform/android-ndk-r17c/toolchains/llvm/prebuilt/linux-x86_64/bin/clang --target=armv7-none-linux-androideabi --gcc-toolchain=/home/chaos/.buildozer/android/platform/android-ndk-r17c/toolchains/arm-linux-androideabi-4.9/prebuilt/linux-x86_64 --sysroot=/home/chaos/.buildozer/android/platform/android-ndk-r17c/sysroot -isystem /home/chaos/.buildozer/android/platform/android-ndk-r17c/sysroot/usr/include/arm-linux-androideabi -D__ANDROID_API__=14 -g -DANDROID -ffunction-sections -funwind-tables -fstack-protector-strong -no-canonical-prefixes -march=armv7-a -mfloat-abi=softfp -mfpu=vfpv3-d16 -mthumb -mfpu=neon -Wa,--noexecstack -Wformat -Werror=format-security    -Wl,--exclude-libs,libgcc.a -Wl,--exclude-libs,libatomic.a -nostdlib++ --sysroot /home/chaos/.buildozer/android/platform/android-ndk-r17c/platforms/android-14/arch-arm -Wl,--build-id -Wl,--warn-shared-textrel -Wl,--fatal-warnings -Wl,--fix-cortex-a8 -Wl,--exclude-libs,libunwind.a -L/home/chaos/.buildozer/android/platform/android-ndk-r17c/sources/cxx-stl/llvm-libc++/libs/armeabi-v7a -Wl,--no-undefined -Wl,-z,noexecstack -Qunused-arguments -Wl,-z,relro -Wl,-z,now -Wl,--gc-sections -Wl,-z,nocopyreloc   CMakeFiles/cmTC_81881.dir/feature_tests.c.o  -o cmTC_81881 -latomic -lm 
make[1]: Leaving directory '/home/chaos/Scouting-2019-Python/.buildozer/android/platform/build/build/other_builds/jpeg/armeabi-v7a__ndk_target_21/jpeg/CMakeFiles/CMakeTmp'


    Feature record: C_FEATURE:1c_function_prototypes
    Feature record: C_FEATURE:1c_restrict
    Feature record: C_FEATURE:0c_static_assert
    Feature record: C_FEATURE:1c_variadic_macros


Detecting C [-std=c90] compiler features compiled with the following output:
Change Dir: /home/chaos/Scouting-2019-Python/.buildozer/android/platform/build/build/other_builds/jpeg/armeabi-v7a__ndk_target_21/jpeg/CMakeFiles/CMakeTmp

Run Build Command:"/usr/bin/make" "cmTC_778e2/fast"
/usr/bin/make -f CMakeFiles/cmTC_778e2.dir/build.make CMakeFiles/cmTC_778e2.dir/build
make[1]: Entering directory '/home/chaos/Scouting-2019-Python/.buildozer/android/platform/build/build/other_builds/jpeg/armeabi-v7a__ndk_target_21/jpeg/CMakeFiles/CMakeTmp'
Building C object CMakeFiles/cmTC_778e2.dir/feature_tests.c.o
/home/chaos/.buildozer/android/platform/android-ndk-r17c/toolchains/llvm/prebuilt/linux-x86_64/bin/clang --target=armv7-none-linux-androideabi --gcc-toolchain=/home/chaos/.buildozer/android/platform/android-ndk-r17c/toolchains/arm-linux-androideabi-4.9/prebuilt/linux-x86_64 --sysroot=/home/chaos/.buildozer/android/platform/android-ndk-r17c/sysroot   -isystem /home/chaos/.buildozer/android/platform/android-ndk-r17c/sysroot/usr/include/arm-linux-androideabi -D__ANDROID_API__=14 -g -DANDROID -ffunction-sections -funwind-tables -fstack-protector-strong -no-canonical-prefixes -march=armv7-a -mfloat-abi=softfp -mfpu=vfpv3-d16 -mthumb -mfpu=neon -Wa,--noexecstack -Wformat -Werror=format-security   -fPIE   -std=c90 -o CMakeFiles/cmTC_778e2.dir/feature_tests.c.o   -c /home/chaos/Scouting-2019-Python/.buildozer/android/platform/build/build/other_builds/jpeg/armeabi-v7a__ndk_target_21/jpeg/CMakeFiles/feature_tests.c
Linking C executable cmTC_778e2
/usr/bin/cmake -E cmake_link_script CMakeFiles/cmTC_778e2.dir/link.txt --verbose=1
/home/chaos/.buildozer/android/platform/android-ndk-r17c/toolchains/llvm/prebuilt/linux-x86_64/bin/clang --target=armv7-none-linux-androideabi --gcc-toolchain=/home/chaos/.buildozer/android/platform/android-ndk-r17c/toolchains/arm-linux-androideabi-4.9/prebuilt/linux-x86_64 --sysroot=/home/chaos/.buildozer/android/platform/android-ndk-r17c/sysroot -isystem /home/chaos/.buildozer/android/platform/android-ndk-r17c/sysroot/usr/include/arm-linux-androideabi -D__ANDROID_API__=14 -g -DANDROID -ffunction-sections -funwind-tables -fstack-protector-strong -no-canonical-prefixes -march=armv7-a -mfloat-abi=softfp -mfpu=vfpv3-d16 -mthumb -mfpu=neon -Wa,--noexecstack -Wformat -Werror=format-security    -Wl,--exclude-libs,libgcc.a -Wl,--exclude-libs,libatomic.a -nostdlib++ --sysroot /home/chaos/.buildozer/android/platform/android-ndk-r17c/platforms/android-14/arch-arm -Wl,--build-id -Wl,--warn-shared-textrel -Wl,--fatal-warnings -Wl,--fix-cortex-a8 -Wl,--exclude-libs,libunwind.a -L/home/chaos/.buildozer/android/platform/android-ndk-r17c/sources/cxx-stl/llvm-libc++/libs/armeabi-v7a -Wl,--no-undefined -Wl,-z,noexecstack -Qunused-arguments -Wl,-z,relro -Wl,-z,now -Wl,--gc-sections -Wl,-z,nocopyreloc   CMakeFiles/cmTC_778e2.dir/feature_tests.c.o  -o cmTC_778e2 -latomic -lm 
make[1]: Leaving directory '/home/chaos/Scouting-2019-Python/.buildozer/android/platform/build/build/other_builds/jpeg/armeabi-v7a__ndk_target_21/jpeg/CMakeFiles/CMakeTmp'


    Feature record: C_FEATURE:1c_function_prototypes
    Feature record: C_FEATURE:0c_restrict
    Feature record: C_FEATURE:0c_static_assert
    Feature record: C_FEATURE:0c_variadic_macros
Determining if the include file sys/types.h exists passed with the following output:
Change Dir: /home/chaos/Scouting-2019-Python/.buildozer/android/platform/build/build/other_builds/jpeg/armeabi-v7a__ndk_target_21/jpeg/CMakeFiles/CMakeTmp

Run Build Command:"/usr/bin/make" "cmTC_5526a/fast"
/usr/bin/make -f CMakeFiles/cmTC_5526a.dir/build.make CMakeFiles/cmTC_5526a.dir/build
make[1]: Entering directory '/home/chaos/Scouting-2019-Python/.buildozer/android/platform/build/build/other_builds/jpeg/armeabi-v7a__ndk_target_21/jpeg/CMakeFiles/CMakeTmp'
Building C object CMakeFiles/cmTC_5526a.dir/CheckIncludeFile.c.o
/home/chaos/.buildozer/android/platform/android-ndk-r17c/toolchains/llvm/prebuilt/linux-x86_64/bin/clang --target=armv7-none-linux-androideabi --gcc-toolchain=/home/chaos/.buildozer/android/platform/android-ndk-r17c/toolchains/arm-linux-androideabi-4.9/prebuilt/linux-x86_64 --sysroot=/home/chaos/.buildozer/android/platform/android-ndk-r17c/sysroot   -isystem /home/chaos/.buildozer/android/platform/android-ndk-r17c/sysroot/usr/include/arm-linux-androideabi -D__ANDROID_API__=14 -g -DANDROID -ffunction-sections -funwind-tables -fstack-protector-strong -no-canonical-prefixes -march=armv7-a -mfloat-abi=softfp -mfpu=vfpv3-d16 -mthumb -mfpu=neon -Wa,--noexecstack -Wformat -Werror=format-security   -fPIE   -o CMakeFiles/cmTC_5526a.dir/CheckIncludeFile.c.o   -c /home/chaos/Scouting-2019-Python/.buildozer/android/platform/build/build/other_builds/jpeg/armeabi-v7a__ndk_target_21/jpeg/CMakeFiles/CMakeTmp/CheckIncludeFile.c
Linking C executable cmTC_5526a
/usr/bin/cmake -E cmake_link_script CMakeFiles/cmTC_5526a.dir/link.txt --verbose=1
/home/chaos/.buildozer/android/platform/android-ndk-r17c/toolchains/llvm/prebuilt/linux-x86_64/bin/clang --target=armv7-none-linux-androideabi --gcc-toolchain=/home/chaos/.buildozer/android/platform/android-ndk-r17c/toolchains/arm-linux-androideabi-4.9/prebuilt/linux-x86_64 --sysroot=/home/chaos/.buildozer/android/platform/android-ndk-r17c/sysroot -isystem /home/chaos/.buildozer/android/platform/android-ndk-r17c/sysroot/usr/include/arm-linux-androideabi -D__ANDROID_API__=14 -g -DANDROID -ffunction-sections -funwind-tables -fstack-protector-strong -no-canonical-prefixes -march=armv7-a -mfloat-abi=softfp -mfpu=vfpv3-d16 -mthumb -mfpu=neon -Wa,--noexecstack -Wformat -Werror=format-security    -Wl,--exclude-libs,libgcc.a -Wl,--exclude-libs,libatomic.a -nostdlib++ --sysroot /home/chaos/.buildozer/android/platform/android-ndk-r17c/platforms/android-14/arch-arm -Wl,--build-id -Wl,--warn-shared-textrel -Wl,--fatal-warnings -Wl,--fix-cortex-a8 -Wl,--exclude-libs,libunwind.a -L/home/chaos/.buildozer/android/platform/android-ndk-r17c/sources/cxx-stl/llvm-libc++/libs/armeabi-v7a -Wl,--no-undefined -Wl,-z,noexecstack -Qunused-arguments -Wl,-z,relro -Wl,-z,now -Wl,--gc-sections -Wl,-z,nocopyreloc   CMakeFiles/cmTC_5526a.dir/CheckIncludeFile.c.o  -o cmTC_5526a -latomic -lm 
make[1]: Leaving directory '/home/chaos/Scouting-2019-Python/.buildozer/android/platform/build/build/other_builds/jpeg/armeabi-v7a__ndk_target_21/jpeg/CMakeFiles/CMakeTmp'


Determining if the include file stdint.h exists passed with the following output:
Change Dir: /home/chaos/Scouting-2019-Python/.buildozer/android/platform/build/build/other_builds/jpeg/armeabi-v7a__ndk_target_21/jpeg/CMakeFiles/CMakeTmp

Run Build Command:"/usr/bin/make" "cmTC_38c38/fast"
/usr/bin/make -f CMakeFiles/cmTC_38c38.dir/build.make CMakeFiles/cmTC_38c38.dir/build
make[1]: Entering directory '/home/chaos/Scouting-2019-Python/.buildozer/android/platform/build/build/other_builds/jpeg/armeabi-v7a__ndk_target_21/jpeg/CMakeFiles/CMakeTmp'
Building C object CMakeFiles/cmTC_38c38.dir/CheckIncludeFile.c.o
/home/chaos/.buildozer/android/platform/android-ndk-r17c/toolchains/llvm/prebuilt/linux-x86_64/bin/clang --target=armv7-none-linux-androideabi --gcc-toolchain=/home/chaos/.buildozer/android/platform/android-ndk-r17c/toolchains/arm-linux-androideabi-4.9/prebuilt/linux-x86_64 --sysroot=/home/chaos/.buildozer/android/platform/android-ndk-r17c/sysroot   -isystem /home/chaos/.buildozer/android/platform/android-ndk-r17c/sysroot/usr/include/arm-linux-androideabi -D__ANDROID_API__=14 -g -DANDROID -ffunction-sections -funwind-tables -fstack-protector-strong -no-canonical-prefixes -march=armv7-a -mfloat-abi=softfp -mfpu=vfpv3-d16 -mthumb -mfpu=neon -Wa,--noexecstack -Wformat -Werror=format-security   -fPIE   -o CMakeFiles/cmTC_38c38.dir/CheckIncludeFile.c.o   -c /home/chaos/Scouting-2019-Python/.buildozer/android/platform/build/build/other_builds/jpeg/armeabi-v7a__ndk_target_21/jpeg/CMakeFiles/CMakeTmp/CheckIncludeFile.c
Linking C executable cmTC_38c38
/usr/bin/cmake -E cmake_link_script CMakeFiles/cmTC_38c38.dir/link.txt --verbose=1
/home/chaos/.buildozer/android/platform/android-ndk-r17c/toolchains/llvm/prebuilt/linux-x86_64/bin/clang --target=armv7-none-linux-androideabi --gcc-toolchain=/home/chaos/.buildozer/android/platform/android-ndk-r17c/toolchains/arm-linux-androideabi-4.9/prebuilt/linux-x86_64 --sysroot=/home/chaos/.buildozer/android/platform/android-ndk-r17c/sysroot -isystem /home/chaos/.buildozer/android/platform/android-ndk-r17c/sysroot/usr/include/arm-linux-androideabi -D__ANDROID_API__=14 -g -DANDROID -ffunction-sections -funwind-tables -fstack-protector-strong -no-canonical-prefixes -march=armv7-a -mfloat-abi=softfp -mfpu=vfpv3-d16 -mthumb -mfpu=neon -Wa,--noexecstack -Wformat -Werror=format-security    -Wl,--exclude-libs,libgcc.a -Wl,--exclude-libs,libatomic.a -nostdlib++ --sysroot /home/chaos/.buildozer/android/platform/android-ndk-r17c/platforms/android-14/arch-arm -Wl,--build-id -Wl,--warn-shared-textrel -Wl,--fatal-warnings -Wl,--fix-cortex-a8 -Wl,--exclude-libs,libunwind.a -L/home/chaos/.buildozer/android/platform/android-ndk-r17c/sources/cxx-stl/llvm-libc++/libs/armeabi-v7a -Wl,--no-undefined -Wl,-z,noexecstack -Qunused-arguments -Wl,-z,relro -Wl,-z,now -Wl,--gc-sections -Wl,-z,nocopyreloc   CMakeFiles/cmTC_38c38.dir/CheckIncludeFile.c.o  -o cmTC_38c38 -latomic -lm 
make[1]: Leaving directory '/home/chaos/Scouting-2019-Python/.buildozer/android/platform/build/build/other_builds/jpeg/armeabi-v7a__ndk_target_21/jpeg/CMakeFiles/CMakeTmp'


Determining if the include file stddef.h exists passed with the following output:
Change Dir: /home/chaos/Scouting-2019-Python/.buildozer/android/platform/build/build/other_builds/jpeg/armeabi-v7a__ndk_target_21/jpeg/CMakeFiles/CMakeTmp

Run Build Command:"/usr/bin/make" "cmTC_a1ff9/fast"
/usr/bin/make -f CMakeFiles/cmTC_a1ff9.dir/build.make CMakeFiles/cmTC_a1ff9.dir/build
make[1]: Entering directory '/home/chaos/Scouting-2019-Python/.buildozer/android/platform/build/build/other_builds/jpeg/armeabi-v7a__ndk_target_21/jpeg/CMakeFiles/CMakeTmp'
Building C object CMakeFiles/cmTC_a1ff9.dir/CheckIncludeFile.c.o
/home/chaos/.buildozer/android/platform/android-ndk-r17c/toolchains/llvm/prebuilt/linux-x86_64/bin/clang --target=armv7-none-linux-androideabi --gcc-toolchain=/home/chaos/.buildozer/android/platform/android-ndk-r17c/toolchains/arm-linux-androideabi-4.9/prebuilt/linux-x86_64 --sysroot=/home/chaos/.buildozer/android/platform/android-ndk-r17c/sysroot   -isystem /home/chaos/.buildozer/android/platform/android-ndk-r17c/sysroot/usr/include/arm-linux-androideabi -D__ANDROID_API__=14 -g -DANDROID -ffunction-sections -funwind-tables -fstack-protector-strong -no-canonical-prefixes -march=armv7-a -mfloat-abi=softfp -mfpu=vfpv3-d16 -mthumb -mfpu=neon -Wa,--noexecstack -Wformat -Werror=format-security   -fPIE   -o CMakeFiles/cmTC_a1ff9.dir/CheckIncludeFile.c.o   -c /home/chaos/Scouting-2019-Python/.buildozer/android/platform/build/build/other_builds/jpeg/armeabi-v7a__ndk_target_21/jpeg/CMakeFiles/CMakeTmp/CheckIncludeFile.c
Linking C executable cmTC_a1ff9
/usr/bin/cmake -E cmake_link_script CMakeFiles/cmTC_a1ff9.dir/link.txt --verbose=1
/home/chaos/.buildozer/android/platform/android-ndk-r17c/toolchains/llvm/prebuilt/linux-x86_64/bin/clang --target=armv7-none-linux-androideabi --gcc-toolchain=/home/chaos/.buildozer/android/platform/android-ndk-r17c/toolchains/arm-linux-androideabi-4.9/prebuilt/linux-x86_64 --sysroot=/home/chaos/.buildozer/android/platform/android-ndk-r17c/sysroot -isystem /home/chaos/.buildozer/android/platform/android-ndk-r17c/sysroot/usr/include/arm-linux-androideabi -D__ANDROID_API__=14 -g -DANDROID -ffunction-sections -funwind-tables -fstack-protector-strong -no-canonical-prefixes -march=armv7-a -mfloat-abi=softfp -mfpu=vfpv3-d16 -mthumb -mfpu=neon -Wa,--noexecstack -Wformat -Werror=format-security    -Wl,--exclude-libs,libgcc.a -Wl,--exclude-libs,libatomic.a -nostdlib++ --sysroot /home/chaos/.buildozer/android/platform/android-ndk-r17c/platforms/android-14/arch-arm -Wl,--build-id -Wl,--warn-shared-textrel -Wl,--fatal-warnings -Wl,--fix-cortex-a8 -Wl,--exclude-libs,libunwind.a -L/home/chaos/.buildozer/android/platform/android-ndk-r17c/sources/cxx-stl/llvm-libc++/libs/armeabi-v7a -Wl,--no-undefined -Wl,-z,noexecstack -Qunused-arguments -Wl,-z,relro -Wl,-z,now -Wl,--gc-sections -Wl,-z,nocopyreloc   CMakeFiles/cmTC_a1ff9.dir/CheckIncludeFile.c.o  -o cmTC_a1ff9 -latomic -lm 
make[1]: Leaving directory '/home/chaos/Scouting-2019-Python/.buildozer/android/platform/build/build/other_builds/jpeg/armeabi-v7a__ndk_target_21/jpeg/CMakeFiles/CMakeTmp'


Determining size of size_t passed with the following output:
Change Dir: /home/chaos/Scouting-2019-Python/.buildozer/android/platform/build/build/other_builds/jpeg/armeabi-v7a__ndk_target_21/jpeg/CMakeFiles/CMakeTmp

Run Build Command:"/usr/bin/make" "cmTC_3fc5d/fast"
/usr/bin/make -f CMakeFiles/cmTC_3fc5d.dir/build.make CMakeFiles/cmTC_3fc5d.dir/build
make[1]: Entering directory '/home/chaos/Scouting-2019-Python/.buildozer/android/platform/build/build/other_builds/jpeg/armeabi-v7a__ndk_target_21/jpeg/CMakeFiles/CMakeTmp'
Building C object CMakeFiles/cmTC_3fc5d.dir/SIZE_T.c.o
/home/chaos/.buildozer/android/platform/android-ndk-r17c/toolchains/llvm/prebuilt/linux-x86_64/bin/clang --target=armv7-none-linux-androideabi --gcc-toolchain=/home/chaos/.buildozer/android/platform/android-ndk-r17c/toolchains/arm-linux-androideabi-4.9/prebuilt/linux-x86_64 --sysroot=/home/chaos/.buildozer/android/platform/android-ndk-r17c/sysroot   -isystem /home/chaos/.buildozer/android/platform/android-ndk-r17c/sysroot/usr/include/arm-linux-androideabi -D__ANDROID_API__=14 -g -DANDROID -ffunction-sections -funwind-tables -fstack-protector-strong -no-canonical-prefixes -march=armv7-a -mfloat-abi=softfp -mfpu=vfpv3-d16 -mthumb -mfpu=neon -Wa,--noexecstack -Wformat -Werror=format-security   -fPIE   -o CMakeFiles/cmTC_3fc5d.dir/SIZE_T.c.o   -c /home/chaos/Scouting-2019-Python/.buildozer/android/platform/build/build/other_builds/jpeg/armeabi-v7a__ndk_target_21/jpeg/CMakeFiles/CheckTypeSize/SIZE_T.c
Linking C executable cmTC_3fc5d
/usr/bin/cmake -E cmake_link_script CMakeFiles/cmTC_3fc5d.dir/link.txt --verbose=1
/home/chaos/.buildozer/android/platform/android-ndk-r17c/toolchains/llvm/prebuilt/linux-x86_64/bin/clang --target=armv7-none-linux-androideabi --gcc-toolchain=/home/chaos/.buildozer/android/platform/android-ndk-r17c/toolchains/arm-linux-androideabi-4.9/prebuilt/linux-x86_64 --sysroot=/home/chaos/.buildozer/android/platform/android-ndk-r17c/sysroot -isystem /home/chaos/.buildozer/android/platform/android-ndk-r17c/sysroot/usr/include/arm-linux-androideabi -D__ANDROID_API__=14 -g -DANDROID -ffunction-sections -funwind-tables -fstack-protector-strong -no-canonical-prefixes -march=armv7-a -mfloat-abi=softfp -mfpu=vfpv3-d16 -mthumb -mfpu=neon -Wa,--noexecstack -Wformat -Werror=format-security    -Wl,--exclude-libs,libgcc.a -Wl,--exclude-libs,libatomic.a -nostdlib++ --sysroot /home/chaos/.buildozer/android/platform/android-ndk-r17c/platforms/android-14/arch-arm -Wl,--build-id -Wl,--warn-shared-textrel -Wl,--fatal-warnings -Wl,--fix-cortex-a8 -Wl,--exclude-libs,libunwind.a -L/home/chaos/.buildozer/android/platform/android-ndk-r17c/sources/cxx-stl/llvm-libc++/libs/armeabi-v7a -Wl,--no-undefined -Wl,-z,noexecstack -Qunused-arguments -Wl,-z,relro -Wl,-z,now -Wl,--gc-sections -Wl,-z,nocopyreloc   CMakeFiles/cmTC_3fc5d.dir/SIZE_T.c.o  -o cmTC_3fc5d -latomic -lm 
make[1]: Leaving directory '/home/chaos/Scouting-2019-Python/.buildozer/android/platform/build/build/other_builds/jpeg/armeabi-v7a__ndk_target_21/jpeg/CMakeFiles/CMakeTmp'


Determining size of unsigned long passed with the following output:
Change Dir: /home/chaos/Scouting-2019-Python/.buildozer/android/platform/build/build/other_builds/jpeg/armeabi-v7a__ndk_target_21/jpeg/CMakeFiles/CMakeTmp

Run Build Command:"/usr/bin/make" "cmTC_9c1c9/fast"
/usr/bin/make -f CMakeFiles/cmTC_9c1c9.dir/build.make CMakeFiles/cmTC_9c1c9.dir/build
make[1]: Entering directory '/home/chaos/Scouting-2019-Python/.buildozer/android/platform/build/build/other_builds/jpeg/armeabi-v7a__ndk_target_21/jpeg/CMakeFiles/CMakeTmp'
Building C object CMakeFiles/cmTC_9c1c9.dir/UNSIGNED_LONG.c.o
/home/chaos/.buildozer/android/platform/android-ndk-r17c/toolchains/llvm/prebuilt/linux-x86_64/bin/clang --target=armv7-none-linux-androideabi --gcc-toolchain=/home/chaos/.buildozer/android/platform/android-ndk-r17c/toolchains/arm-linux-androideabi-4.9/prebuilt/linux-x86_64 --sysroot=/home/chaos/.buildozer/android/platform/android-ndk-r17c/sysroot   -isystem /home/chaos/.buildozer/android/platform/android-ndk-r17c/sysroot/usr/include/arm-linux-androideabi -D__ANDROID_API__=14 -g -DANDROID -ffunction-sections -funwind-tables -fstack-protector-strong -no-canonical-prefixes -march=armv7-a -mfloat-abi=softfp -mfpu=vfpv3-d16 -mthumb -mfpu=neon -Wa,--noexecstack -Wformat -Werror=format-security   -fPIE   -o CMakeFiles/cmTC_9c1c9.dir/UNSIGNED_LONG.c.o   -c /home/chaos/Scouting-2019-Python/.buildozer/android/platform/build/build/other_builds/jpeg/armeabi-v7a__ndk_target_21/jpeg/CMakeFiles/CheckTypeSize/UNSIGNED_LONG.c
Linking C executable cmTC_9c1c9
/usr/bin/cmake -E cmake_link_script CMakeFiles/cmTC_9c1c9.dir/link.txt --verbose=1
/home/chaos/.buildozer/android/platform/android-ndk-r17c/toolchains/llvm/prebuilt/linux-x86_64/bin/clang --target=armv7-none-linux-androideabi --gcc-toolchain=/home/chaos/.buildozer/android/platform/android-ndk-r17c/toolchains/arm-linux-androideabi-4.9/prebuilt/linux-x86_64 --sysroot=/home/chaos/.buildozer/android/platform/android-ndk-r17c/sysroot -isystem /home/chaos/.buildozer/android/platform/android-ndk-r17c/sysroot/usr/include/arm-linux-androideabi -D__ANDROID_API__=14 -g -DANDROID -ffunction-sections -funwind-tables -fstack-protector-strong -no-canonical-prefixes -march=armv7-a -mfloat-abi=softfp -mfpu=vfpv3-d16 -mthumb -mfpu=neon -Wa,--noexecstack -Wformat -Werror=format-security    -Wl,--exclude-libs,libgcc.a -Wl,--exclude-libs,libatomic.a -nostdlib++ --sysroot /home/chaos/.buildozer/android/platform/android-ndk-r17c/platforms/android-14/arch-arm -Wl,--build-id -Wl,--warn-shared-textrel -Wl,--fatal-warnings -Wl,--fix-cortex-a8 -Wl,--exclude-libs,libunwind.a -L/home/chaos/.buildozer/android/platform/android-ndk-r17c/sources/cxx-stl/llvm-libc++/libs/armeabi-v7a -Wl,--no-undefined -Wl,-z,noexecstack -Qunused-arguments -Wl,-z,relro -Wl,-z,now -Wl,--gc-sections -Wl,-z,nocopyreloc   CMakeFiles/cmTC_9c1c9.dir/UNSIGNED_LONG.c.o  -o cmTC_9c1c9 -latomic -lm 
make[1]: Leaving directory '/home/chaos/Scouting-2019-Python/.buildozer/android/platform/build/build/other_builds/jpeg/armeabi-v7a__ndk_target_21/jpeg/CMakeFiles/CMakeTmp'


Performing C SOURCE FILE Test HAVE_BUILTIN_CTZL succeeded with the following output:
Change Dir: /home/chaos/Scouting-2019-Python/.buildozer/android/platform/build/build/other_builds/jpeg/armeabi-v7a__ndk_target_21/jpeg/CMakeFiles/CMakeTmp

Run Build Command:"/usr/bin/make" "cmTC_55a65/fast"
/usr/bin/make -f CMakeFiles/cmTC_55a65.dir/build.make CMakeFiles/cmTC_55a65.dir/build
make[1]: Entering directory '/home/chaos/Scouting-2019-Python/.buildozer/android/platform/build/build/other_builds/jpeg/armeabi-v7a__ndk_target_21/jpeg/CMakeFiles/CMakeTmp'
Building C object CMakeFiles/cmTC_55a65.dir/src.c.o
/home/chaos/.buildozer/android/platform/android-ndk-r17c/toolchains/llvm/prebuilt/linux-x86_64/bin/clang --target=armv7-none-linux-androideabi --gcc-toolchain=/home/chaos/.buildozer/android/platform/android-ndk-r17c/toolchains/arm-linux-androideabi-4.9/prebuilt/linux-x86_64 --sysroot=/home/chaos/.buildozer/android/platform/android-ndk-r17c/sysroot   -isystem /home/chaos/.buildozer/android/platform/android-ndk-r17c/sysroot/usr/include/arm-linux-androideabi -D__ANDROID_API__=14 -g -DANDROID -ffunction-sections -funwind-tables -fstack-protector-strong -no-canonical-prefixes -march=armv7-a -mfloat-abi=softfp -mfpu=vfpv3-d16 -mthumb -mfpu=neon -Wa,--noexecstack -Wformat -Werror=format-security  -DHAVE_BUILTIN_CTZL -fPIE   -o CMakeFiles/cmTC_55a65.dir/src.c.o   -c /home/chaos/Scouting-2019-Python/.buildozer/android/platform/build/build/other_builds/jpeg/armeabi-v7a__ndk_target_21/jpeg/CMakeFiles/CMakeTmp/src.c
Linking C executable cmTC_55a65
/usr/bin/cmake -E cmake_link_script CMakeFiles/cmTC_55a65.dir/link.txt --verbose=1
/home/chaos/.buildozer/android/platform/android-ndk-r17c/toolchains/llvm/prebuilt/linux-x86_64/bin/clang --target=armv7-none-linux-androideabi --gcc-toolchain=/home/chaos/.buildozer/android/platform/android-ndk-r17c/toolchains/arm-linux-androideabi-4.9/prebuilt/linux-x86_64 --sysroot=/home/chaos/.buildozer/android/platform/android-ndk-r17c/sysroot -isystem /home/chaos/.buildozer/android/platform/android-ndk-r17c/sysroot/usr/include/arm-linux-androideabi -D__ANDROID_API__=14 -g -DANDROID -ffunction-sections -funwind-tables -fstack-protector-strong -no-canonical-prefixes -march=armv7-a -mfloat-abi=softfp -mfpu=vfpv3-d16 -mthumb -mfpu=neon -Wa,--noexecstack -Wformat -Werror=format-security  -DHAVE_BUILTIN_CTZL  -Wl,--exclude-libs,libgcc.a -Wl,--exclude-libs,libatomic.a -nostdlib++ --sysroot /home/chaos/.buildozer/android/platform/android-ndk-r17c/platforms/android-14/arch-arm -Wl,--build-id -Wl,--warn-shared-textrel -Wl,--fatal-warnings -Wl,--fix-cortex-a8 -Wl,--exclude-libs,libunwind.a -L/home/chaos/.buildozer/android/platform/android-ndk-r17c/sources/cxx-stl/llvm-libc++/libs/armeabi-v7a -Wl,--no-undefined -Wl,-z,noexecstack -Qunused-arguments -Wl,-z,relro -Wl,-z,now -Wl,--gc-sections -Wl,-z,nocopyreloc   CMakeFiles/cmTC_55a65.dir/src.c.o  -o cmTC_55a65 -latomic -lm 
make[1]: Leaving directory '/home/chaos/Scouting-2019-Python/.buildozer/android/platform/build/build/other_builds/jpeg/armeabi-v7a__ndk_target_21/jpeg/CMakeFiles/CMakeTmp'

Source file was:
int main(int argc, char **argv) { unsigned long a = argc;  return __builtin_ctzl(a); }
Determining if files locale.h exist passed with the following output:
Change Dir: /home/chaos/Scouting-2019-Python/.buildozer/android/platform/build/build/other_builds/jpeg/armeabi-v7a__ndk_target_21/jpeg/CMakeFiles/CMakeTmp

Run Build Command:"/usr/bin/make" "cmTC_a8e82/fast"
/usr/bin/make -f CMakeFiles/cmTC_a8e82.dir/build.make CMakeFiles/cmTC_a8e82.dir/build
make[1]: Entering directory '/home/chaos/Scouting-2019-Python/.buildozer/android/platform/build/build/other_builds/jpeg/armeabi-v7a__ndk_target_21/jpeg/CMakeFiles/CMakeTmp'
Building C object CMakeFiles/cmTC_a8e82.dir/CheckIncludeFiles.c.o
/home/chaos/.buildozer/android/platform/android-ndk-r17c/toolchains/llvm/prebuilt/linux-x86_64/bin/clang --target=armv7-none-linux-androideabi --gcc-toolchain=/home/chaos/.buildozer/android/platform/android-ndk-r17c/toolchains/arm-linux-androideabi-4.9/prebuilt/linux-x86_64 --sysroot=/home/chaos/.buildozer/android/platform/android-ndk-r17c/sysroot   -isystem /home/chaos/.buildozer/android/platform/android-ndk-r17c/sysroot/usr/include/arm-linux-androideabi -D__ANDROID_API__=14 -g -DANDROID -ffunction-sections -funwind-tables -fstack-protector-strong -no-canonical-prefixes -march=armv7-a -mfloat-abi=softfp -mfpu=vfpv3-d16 -mthumb -mfpu=neon -Wa,--noexecstack -Wformat -Werror=format-security   -fPIE   -o CMakeFiles/cmTC_a8e82.dir/CheckIncludeFiles.c.o   -c /home/chaos/Scouting-2019-Python/.buildozer/android/platform/build/build/other_builds/jpeg/armeabi-v7a__ndk_target_21/jpeg/CMakeFiles/CMakeTmp/CheckIncludeFiles.c
Linking C executable cmTC_a8e82
/usr/bin/cmake -E cmake_link_script CMakeFiles/cmTC_a8e82.dir/link.txt --verbose=1
/home/chaos/.buildozer/android/platform/android-ndk-r17c/toolchains/llvm/prebuilt/linux-x86_64/bin/clang --target=armv7-none-linux-androideabi --gcc-toolchain=/home/chaos/.buildozer/android/platform/android-ndk-r17c/toolchains/arm-linux-androideabi-4.9/prebuilt/linux-x86_64 --sysroot=/home/chaos/.buildozer/android/platform/android-ndk-r17c/sysroot -isystem /home/chaos/.buildozer/android/platform/android-ndk-r17c/sysroot/usr/include/arm-linux-androideabi -D__ANDROID_API__=14 -g -DANDROID -ffunction-sections -funwind-tables -fstack-protector-strong -no-canonical-prefixes -march=armv7-a -mfloat-abi=softfp -mfpu=vfpv3-d16 -mthumb -mfpu=neon -Wa,--noexecstack -Wformat -Werror=format-security    -Wl,--exclude-libs,libgcc.a -Wl,--exclude-libs,libatomic.a -nostdlib++ --sysroot /home/chaos/.buildozer/android/platform/android-ndk-r17c/platforms/android-14/arch-arm -Wl,--build-id -Wl,--warn-shared-textrel -Wl,--fatal-warnings -Wl,--fix-cortex-a8 -Wl,--exclude-libs,libunwind.a -L/home/chaos/.buildozer/android/platform/android-ndk-r17c/sources/cxx-stl/llvm-libc++/libs/armeabi-v7a -Wl,--no-undefined -Wl,-z,noexecstack -Qunused-arguments -Wl,-z,relro -Wl,-z,now -Wl,--gc-sections -Wl,-z,nocopyreloc   CMakeFiles/cmTC_a8e82.dir/CheckIncludeFiles.c.o  -o cmTC_a8e82 -latomic -lm 
make[1]: Leaving directory '/home/chaos/Scouting-2019-Python/.buildozer/android/platform/build/build/other_builds/jpeg/armeabi-v7a__ndk_target_21/jpeg/CMakeFiles/CMakeTmp'


Determining if files stdlib.h exist passed with the following output:
Change Dir: /home/chaos/Scouting-2019-Python/.buildozer/android/platform/build/build/other_builds/jpeg/armeabi-v7a__ndk_target_21/jpeg/CMakeFiles/CMakeTmp

Run Build Command:"/usr/bin/make" "cmTC_042af/fast"
/usr/bin/make -f CMakeFiles/cmTC_042af.dir/build.make CMakeFiles/cmTC_042af.dir/build
make[1]: Entering directory '/home/chaos/Scouting-2019-Python/.buildozer/android/platform/build/build/other_builds/jpeg/armeabi-v7a__ndk_target_21/jpeg/CMakeFiles/CMakeTmp'
Building C object CMakeFiles/cmTC_042af.dir/CheckIncludeFiles.c.o
/home/chaos/.buildozer/android/platform/android-ndk-r17c/toolchains/llvm/prebuilt/linux-x86_64/bin/clang --target=armv7-none-linux-androideabi --gcc-toolchain=/home/chaos/.buildozer/android/platform/android-ndk-r17c/toolchains/arm-linux-androideabi-4.9/prebuilt/linux-x86_64 --sysroot=/home/chaos/.buildozer/android/platform/android-ndk-r17c/sysroot   -isystem /home/chaos/.buildozer/android/platform/android-ndk-r17c/sysroot/usr/include/arm-linux-androideabi -D__ANDROID_API__=14 -g -DANDROID -ffunction-sections -funwind-tables -fstack-protector-strong -no-canonical-prefixes -march=armv7-a -mfloat-abi=softfp -mfpu=vfpv3-d16 -mthumb -mfpu=neon -Wa,--noexecstack -Wformat -Werror=format-security   -fPIE   -o CMakeFiles/cmTC_042af.dir/CheckIncludeFiles.c.o   -c /home/chaos/Scouting-2019-Python/.buildozer/android/platform/build/build/other_builds/jpeg/armeabi-v7a__ndk_target_21/jpeg/CMakeFiles/CMakeTmp/CheckIncludeFiles.c
Linking C executable cmTC_042af
/usr/bin/cmake -E cmake_link_script CMakeFiles/cmTC_042af.dir/link.txt --verbose=1
/home/chaos/.buildozer/android/platform/android-ndk-r17c/toolchains/llvm/prebuilt/linux-x86_64/bin/clang --target=armv7-none-linux-androideabi --gcc-toolchain=/home/chaos/.buildozer/android/platform/android-ndk-r17c/toolchains/arm-linux-androideabi-4.9/prebuilt/linux-x86_64 --sysroot=/home/chaos/.buildozer/android/platform/android-ndk-r17c/sysroot -isystem /home/chaos/.buildozer/android/platform/android-ndk-r17c/sysroot/usr/include/arm-linux-androideabi -D__ANDROID_API__=14 -g -DANDROID -ffunction-sections -funwind-tables -fstack-protector-strong -no-canonical-prefixes -march=armv7-a -mfloat-abi=softfp -mfpu=vfpv3-d16 -mthumb -mfpu=neon -Wa,--noexecstack -Wformat -Werror=format-security    -Wl,--exclude-libs,libgcc.a -Wl,--exclude-libs,libatomic.a -nostdlib++ --sysroot /home/chaos/.buildozer/android/platform/android-ndk-r17c/platforms/android-14/arch-arm -Wl,--build-id -Wl,--warn-shared-textrel -Wl,--fatal-warnings -Wl,--fix-cortex-a8 -Wl,--exclude-libs,libunwind.a -L/home/chaos/.buildozer/android/platform/android-ndk-r17c/sources/cxx-stl/llvm-libc++/libs/armeabi-v7a -Wl,--no-undefined -Wl,-z,noexecstack -Qunused-arguments -Wl,-z,relro -Wl,-z,now -Wl,--gc-sections -Wl,-z,nocopyreloc   CMakeFiles/cmTC_042af.dir/CheckIncludeFiles.c.o  -o cmTC_042af -latomic -lm 
make[1]: Leaving directory '/home/chaos/Scouting-2019-Python/.buildozer/android/platform/build/build/other_builds/jpeg/armeabi-v7a__ndk_target_21/jpeg/CMakeFiles/CMakeTmp'


Determining if files sys/types.h exist passed with the following output:
Change Dir: /home/chaos/Scouting-2019-Python/.buildozer/android/platform/build/build/other_builds/jpeg/armeabi-v7a__ndk_target_21/jpeg/CMakeFiles/CMakeTmp

Run Build Command:"/usr/bin/make" "cmTC_c3aac/fast"
/usr/bin/make -f CMakeFiles/cmTC_c3aac.dir/build.make CMakeFiles/cmTC_c3aac.dir/build
make[1]: Entering directory '/home/chaos/Scouting-2019-Python/.buildozer/android/platform/build/build/other_builds/jpeg/armeabi-v7a__ndk_target_21/jpeg/CMakeFiles/CMakeTmp'
Building C object CMakeFiles/cmTC_c3aac.dir/CheckIncludeFiles.c.o
/home/chaos/.buildozer/android/platform/android-ndk-r17c/toolchains/llvm/prebuilt/linux-x86_64/bin/clang --target=armv7-none-linux-androideabi --gcc-toolchain=/home/chaos/.buildozer/android/platform/android-ndk-r17c/toolchains/arm-linux-androideabi-4.9/prebuilt/linux-x86_64 --sysroot=/home/chaos/.buildozer/android/platform/android-ndk-r17c/sysroot   -isystem /home/chaos/.buildozer/android/platform/android-ndk-r17c/sysroot/usr/include/arm-linux-androideabi -D__ANDROID_API__=14 -g -DANDROID -ffunction-sections -funwind-tables -fstack-protector-strong -no-canonical-prefixes -march=armv7-a -mfloat-abi=softfp -mfpu=vfpv3-d16 -mthumb -mfpu=neon -Wa,--noexecstack -Wformat -Werror=format-security   -fPIE   -o CMakeFiles/cmTC_c3aac.dir/CheckIncludeFiles.c.o   -c /home/chaos/Scouting-2019-Python/.buildozer/android/platform/build/build/other_builds/jpeg/armeabi-v7a__ndk_target_21/jpeg/CMakeFiles/CMakeTmp/CheckIncludeFiles.c
Linking C executable cmTC_c3aac
/usr/bin/cmake -E cmake_link_script CMakeFiles/cmTC_c3aac.dir/link.txt --verbose=1
/home/chaos/.buildozer/android/platform/android-ndk-r17c/toolchains/llvm/prebuilt/linux-x86_64/bin/clang --target=armv7-none-linux-androideabi --gcc-toolchain=/home/chaos/.buildozer/android/platform/android-ndk-r17c/toolchains/arm-linux-androideabi-4.9/prebuilt/linux-x86_64 --sysroot=/home/chaos/.buildozer/android/platform/android-ndk-r17c/sysroot -isystem /home/chaos/.buildozer/android/platform/android-ndk-r17c/sysroot/usr/include/arm-linux-androideabi -D__ANDROID_API__=14 -g -DANDROID -ffunction-sections -funwind-tables -fstack-protector-strong -no-canonical-prefixes -march=armv7-a -mfloat-abi=softfp -mfpu=vfpv3-d16 -mthumb -mfpu=neon -Wa,--noexecstack -Wformat -Werror=format-security    -Wl,--exclude-libs,libgcc.a -Wl,--exclude-libs,libatomic.a -nostdlib++ --sysroot /home/chaos/.buildozer/android/platform/android-ndk-r17c/platforms/android-14/arch-arm -Wl,--build-id -Wl,--warn-shared-textrel -Wl,--fatal-warnings -Wl,--fix-cortex-a8 -Wl,--exclude-libs,libunwind.a -L/home/chaos/.buildozer/android/platform/android-ndk-r17c/sources/cxx-stl/llvm-libc++/libs/armeabi-v7a -Wl,--no-undefined -Wl,-z,noexecstack -Qunused-arguments -Wl,-z,relro -Wl,-z,now -Wl,--gc-sections -Wl,-z,nocopyreloc   CMakeFiles/cmTC_c3aac.dir/CheckIncludeFiles.c.o  -o cmTC_c3aac -latomic -lm 
make[1]: Leaving directory '/home/chaos/Scouting-2019-Python/.buildozer/android/platform/build/build/other_builds/jpeg/armeabi-v7a__ndk_target_21/jpeg/CMakeFiles/CMakeTmp'


Determining if the memset exist passed with the following output:
Change Dir: /home/chaos/Scouting-2019-Python/.buildozer/android/platform/build/build/other_builds/jpeg/armeabi-v7a__ndk_target_21/jpeg/CMakeFiles/CMakeTmp

Run Build Command:"/usr/bin/make" "cmTC_e78b3/fast"
/usr/bin/make -f CMakeFiles/cmTC_e78b3.dir/build.make CMakeFiles/cmTC_e78b3.dir/build
make[1]: Entering directory '/home/chaos/Scouting-2019-Python/.buildozer/android/platform/build/build/other_builds/jpeg/armeabi-v7a__ndk_target_21/jpeg/CMakeFiles/CMakeTmp'
Building C object CMakeFiles/cmTC_e78b3.dir/CheckSymbolExists.c.o
/home/chaos/.buildozer/android/platform/android-ndk-r17c/toolchains/llvm/prebuilt/linux-x86_64/bin/clang --target=armv7-none-linux-androideabi --gcc-toolchain=/home/chaos/.buildozer/android/platform/android-ndk-r17c/toolchains/arm-linux-androideabi-4.9/prebuilt/linux-x86_64 --sysroot=/home/chaos/.buildozer/android/platform/android-ndk-r17c/sysroot   -isystem /home/chaos/.buildozer/android/platform/android-ndk-r17c/sysroot/usr/include/arm-linux-androideabi -D__ANDROID_API__=14 -g -DANDROID -ffunction-sections -funwind-tables -fstack-protector-strong -no-canonical-prefixes -march=armv7-a -mfloat-abi=softfp -mfpu=vfpv3-d16 -mthumb -mfpu=neon -Wa,--noexecstack -Wformat -Werror=format-security   -fPIE   -o CMakeFiles/cmTC_e78b3.dir/CheckSymbolExists.c.o   -c /home/chaos/Scouting-2019-Python/.buildozer/android/platform/build/build/other_builds/jpeg/armeabi-v7a__ndk_target_21/jpeg/CMakeFiles/CMakeTmp/CheckSymbolExists.c
Linking C executable cmTC_e78b3
/usr/bin/cmake -E cmake_link_script CMakeFiles/cmTC_e78b3.dir/link.txt --verbose=1
/home/chaos/.buildozer/android/platform/android-ndk-r17c/toolchains/llvm/prebuilt/linux-x86_64/bin/clang --target=armv7-none-linux-androideabi --gcc-toolchain=/home/chaos/.buildozer/android/platform/android-ndk-r17c/toolchains/arm-linux-androideabi-4.9/prebuilt/linux-x86_64 --sysroot=/home/chaos/.buildozer/android/platform/android-ndk-r17c/sysroot -isystem /home/chaos/.buildozer/android/platform/android-ndk-r17c/sysroot/usr/include/arm-linux-androideabi -D__ANDROID_API__=14 -g -DANDROID -ffunction-sections -funwind-tables -fstack-protector-strong -no-canonical-prefixes -march=armv7-a -mfloat-abi=softfp -mfpu=vfpv3-d16 -mthumb -mfpu=neon -Wa,--noexecstack -Wformat -Werror=format-security    -Wl,--exclude-libs,libgcc.a -Wl,--exclude-libs,libatomic.a -nostdlib++ --sysroot /home/chaos/.buildozer/android/platform/android-ndk-r17c/platforms/android-14/arch-arm -Wl,--build-id -Wl,--warn-shared-textrel -Wl,--fatal-warnings -Wl,--fix-cortex-a8 -Wl,--exclude-libs,libunwind.a -L/home/chaos/.buildozer/android/platform/android-ndk-r17c/sources/cxx-stl/llvm-libc++/libs/armeabi-v7a -Wl,--no-undefined -Wl,-z,noexecstack -Qunused-arguments -Wl,-z,relro -Wl,-z,now -Wl,--gc-sections -Wl,-z,nocopyreloc   CMakeFiles/cmTC_e78b3.dir/CheckSymbolExists.c.o  -o cmTC_e78b3 -latomic -lm 
make[1]: Leaving directory '/home/chaos/Scouting-2019-Python/.buildozer/android/platform/build/build/other_builds/jpeg/armeabi-v7a__ndk_target_21/jpeg/CMakeFiles/CMakeTmp'

File /home/chaos/Scouting-2019-Python/.buildozer/android/platform/build/build/other_builds/jpeg/armeabi-v7a__ndk_target_21/jpeg/CMakeFiles/CMakeTmp/CheckSymbolExists.c:
/* */
#include <string.h>

int main(int argc, char** argv)
{
  (void)argv;
#ifndef memset
  return ((int*)(&memset))[argc];
#else
  (void)argc;
  return 0;
#endif
}

Determining if the memcpy exist passed with the following output:
Change Dir: /home/chaos/Scouting-2019-Python/.buildozer/android/platform/build/build/other_builds/jpeg/armeabi-v7a__ndk_target_21/jpeg/CMakeFiles/CMakeTmp

Run Build Command:"/usr/bin/make" "cmTC_4421a/fast"
/usr/bin/make -f CMakeFiles/cmTC_4421a.dir/build.make CMakeFiles/cmTC_4421a.dir/build
make[1]: Entering directory '/home/chaos/Scouting-2019-Python/.buildozer/android/platform/build/build/other_builds/jpeg/armeabi-v7a__ndk_target_21/jpeg/CMakeFiles/CMakeTmp'
Building C object CMakeFiles/cmTC_4421a.dir/CheckSymbolExists.c.o
/home/chaos/.buildozer/android/platform/android-ndk-r17c/toolchains/llvm/prebuilt/linux-x86_64/bin/clang --target=armv7-none-linux-androideabi --gcc-toolchain=/home/chaos/.buildozer/android/platform/android-ndk-r17c/toolchains/arm-linux-androideabi-4.9/prebuilt/linux-x86_64 --sysroot=/home/chaos/.buildozer/android/platform/android-ndk-r17c/sysroot   -isystem /home/chaos/.buildozer/android/platform/android-ndk-r17c/sysroot/usr/include/arm-linux-androideabi -D__ANDROID_API__=14 -g -DANDROID -ffunction-sections -funwind-tables -fstack-protector-strong -no-canonical-prefixes -march=armv7-a -mfloat-abi=softfp -mfpu=vfpv3-d16 -mthumb -mfpu=neon -Wa,--noexecstack -Wformat -Werror=format-security   -fPIE   -o CMakeFiles/cmTC_4421a.dir/CheckSymbolExists.c.o   -c /home/chaos/Scouting-2019-Python/.buildozer/android/platform/build/build/other_builds/jpeg/armeabi-v7a__ndk_target_21/jpeg/CMakeFiles/CMakeTmp/CheckSymbolExists.c
Linking C executable cmTC_4421a
/usr/bin/cmake -E cmake_link_script CMakeFiles/cmTC_4421a.dir/link.txt --verbose=1
/home/chaos/.buildozer/android/platform/android-ndk-r17c/toolchains/llvm/prebuilt/linux-x86_64/bin/clang --target=armv7-none-linux-androideabi --gcc-toolchain=/home/chaos/.buildozer/android/platform/android-ndk-r17c/toolchains/arm-linux-androideabi-4.9/prebuilt/linux-x86_64 --sysroot=/home/chaos/.buildozer/android/platform/android-ndk-r17c/sysroot -isystem /home/chaos/.buildozer/android/platform/android-ndk-r17c/sysroot/usr/include/arm-linux-androideabi -D__ANDROID_API__=14 -g -DANDROID -ffunction-sections -funwind-tables -fstack-protector-strong -no-canonical-prefixes -march=armv7-a -mfloat-abi=softfp -mfpu=vfpv3-d16 -mthumb -mfpu=neon -Wa,--noexecstack -Wformat -Werror=format-security    -Wl,--exclude-libs,libgcc.a -Wl,--exclude-libs,libatomic.a -nostdlib++ --sysroot /home/chaos/.buildozer/android/platform/android-ndk-r17c/platforms/android-14/arch-arm -Wl,--build-id -Wl,--warn-shared-textrel -Wl,--fatal-warnings -Wl,--fix-cortex-a8 -Wl,--exclude-libs,libunwind.a -L/home/chaos/.buildozer/android/platform/android-ndk-r17c/sources/cxx-stl/llvm-libc++/libs/armeabi-v7a -Wl,--no-undefined -Wl,-z,noexecstack -Qunused-arguments -Wl,-z,relro -Wl,-z,now -Wl,--gc-sections -Wl,-z,nocopyreloc   CMakeFiles/cmTC_4421a.dir/CheckSymbolExists.c.o  -o cmTC_4421a -latomic -lm 
make[1]: Leaving directory '/home/chaos/Scouting-2019-Python/.buildozer/android/platform/build/build/other_builds/jpeg/armeabi-v7a__ndk_target_21/jpeg/CMakeFiles/CMakeTmp'

File /home/chaos/Scouting-2019-Python/.buildozer/android/platform/build/build/other_builds/jpeg/armeabi-v7a__ndk_target_21/jpeg/CMakeFiles/CMakeTmp/CheckSymbolExists.c:
/* */
#include <string.h>

int main(int argc, char** argv)
{
  (void)argv;
#ifndef memcpy
  return ((int*)(&memcpy))[argc];
#else
  (void)argc;
  return 0;
#endif
}

Determining size of unsigned char passed with the following output:
Change Dir: /home/chaos/Scouting-2019-Python/.buildozer/android/platform/build/build/other_builds/jpeg/armeabi-v7a__ndk_target_21/jpeg/CMakeFiles/CMakeTmp

Run Build Command:"/usr/bin/make" "cmTC_2fab5/fast"
/usr/bin/make -f CMakeFiles/cmTC_2fab5.dir/build.make CMakeFiles/cmTC_2fab5.dir/build
make[1]: Entering directory '/home/chaos/Scouting-2019-Python/.buildozer/android/platform/build/build/other_builds/jpeg/armeabi-v7a__ndk_target_21/jpeg/CMakeFiles/CMakeTmp'
Building C object CMakeFiles/cmTC_2fab5.dir/UNSIGNED_CHAR.c.o
/home/chaos/.buildozer/android/platform/android-ndk-r17c/toolchains/llvm/prebuilt/linux-x86_64/bin/clang --target=armv7-none-linux-androideabi --gcc-toolchain=/home/chaos/.buildozer/android/platform/android-ndk-r17c/toolchains/arm-linux-androideabi-4.9/prebuilt/linux-x86_64 --sysroot=/home/chaos/.buildozer/android/platform/android-ndk-r17c/sysroot   -isystem /home/chaos/.buildozer/android/platform/android-ndk-r17c/sysroot/usr/include/arm-linux-androideabi -D__ANDROID_API__=14 -g -DANDROID -ffunction-sections -funwind-tables -fstack-protector-strong -no-canonical-prefixes -march=armv7-a -mfloat-abi=softfp -mfpu=vfpv3-d16 -mthumb -mfpu=neon -Wa,--noexecstack -Wformat -Werror=format-security   -fPIE   -o CMakeFiles/cmTC_2fab5.dir/UNSIGNED_CHAR.c.o   -c /home/chaos/Scouting-2019-Python/.buildozer/android/platform/build/build/other_builds/jpeg/armeabi-v7a__ndk_target_21/jpeg/CMakeFiles/CheckTypeSize/UNSIGNED_CHAR.c
Linking C executable cmTC_2fab5
/usr/bin/cmake -E cmake_link_script CMakeFiles/cmTC_2fab5.dir/link.txt --verbose=1
/home/chaos/.buildozer/android/platform/android-ndk-r17c/toolchains/llvm/prebuilt/linux-x86_64/bin/clang --target=armv7-none-linux-androideabi --gcc-toolchain=/home/chaos/.buildozer/android/platform/android-ndk-r17c/toolchains/arm-linux-androideabi-4.9/prebuilt/linux-x86_64 --sysroot=/home/chaos/.buildozer/android/platform/android-ndk-r17c/sysroot -isystem /home/chaos/.buildozer/android/platform/android-ndk-r17c/sysroot/usr/include/arm-linux-androideabi -D__ANDROID_API__=14 -g -DANDROID -ffunction-sections -funwind-tables -fstack-protector-strong -no-canonical-prefixes -march=armv7-a -mfloat-abi=softfp -mfpu=vfpv3-d16 -mthumb -mfpu=neon -Wa,--noexecstack -Wformat -Werror=format-security    -Wl,--exclude-libs,libgcc.a -Wl,--exclude-libs,libatomic.a -nostdlib++ --sysroot /home/chaos/.buildozer/android/platform/android-ndk-r17c/platforms/android-14/arch-arm -Wl,--build-id -Wl,--warn-shared-textrel -Wl,--fatal-warnings -Wl,--fix-cortex-a8 -Wl,--exclude-libs,libunwind.a -L/home/chaos/.buildozer/android/platform/android-ndk-r17c/sources/cxx-stl/llvm-libc++/libs/armeabi-v7a -Wl,--no-undefined -Wl,-z,noexecstack -Qunused-arguments -Wl,-z,relro -Wl,-z,now -Wl,--gc-sections -Wl,-z,nocopyreloc   CMakeFiles/cmTC_2fab5.dir/UNSIGNED_CHAR.c.o  -o cmTC_2fab5 -latomic -lm 
make[1]: Leaving directory '/home/chaos/Scouting-2019-Python/.buildozer/android/platform/build/build/other_builds/jpeg/armeabi-v7a__ndk_target_21/jpeg/CMakeFiles/CMakeTmp'


Determining size of unsigned short passed with the following output:
Change Dir: /home/chaos/Scouting-2019-Python/.buildozer/android/platform/build/build/other_builds/jpeg/armeabi-v7a__ndk_target_21/jpeg/CMakeFiles/CMakeTmp

Run Build Command:"/usr/bin/make" "cmTC_eae00/fast"
/usr/bin/make -f CMakeFiles/cmTC_eae00.dir/build.make CMakeFiles/cmTC_eae00.dir/build
make[1]: Entering directory '/home/chaos/Scouting-2019-Python/.buildozer/android/platform/build/build/other_builds/jpeg/armeabi-v7a__ndk_target_21/jpeg/CMakeFiles/CMakeTmp'
Building C object CMakeFiles/cmTC_eae00.dir/UNSIGNED_SHORT.c.o
/home/chaos/.buildozer/android/platform/android-ndk-r17c/toolchains/llvm/prebuilt/linux-x86_64/bin/clang --target=armv7-none-linux-androideabi --gcc-toolchain=/home/chaos/.buildozer/android/platform/android-ndk-r17c/toolchains/arm-linux-androideabi-4.9/prebuilt/linux-x86_64 --sysroot=/home/chaos/.buildozer/android/platform/android-ndk-r17c/sysroot   -isystem /home/chaos/.buildozer/android/platform/android-ndk-r17c/sysroot/usr/include/arm-linux-androideabi -D__ANDROID_API__=14 -g -DANDROID -ffunction-sections -funwind-tables -fstack-protector-strong -no-canonical-prefixes -march=armv7-a -mfloat-abi=softfp -mfpu=vfpv3-d16 -mthumb -mfpu=neon -Wa,--noexecstack -Wformat -Werror=format-security   -fPIE   -o CMakeFiles/cmTC_eae00.dir/UNSIGNED_SHORT.c.o   -c /home/chaos/Scouting-2019-Python/.buildozer/android/platform/build/build/other_builds/jpeg/armeabi-v7a__ndk_target_21/jpeg/CMakeFiles/CheckTypeSize/UNSIGNED_SHORT.c
Linking C executable cmTC_eae00
/usr/bin/cmake -E cmake_link_script CMakeFiles/cmTC_eae00.dir/link.txt --verbose=1
/home/chaos/.buildozer/android/platform/android-ndk-r17c/toolchains/llvm/prebuilt/linux-x86_64/bin/clang --target=armv7-none-linux-androideabi --gcc-toolchain=/home/chaos/.buildozer/android/platform/android-ndk-r17c/toolchains/arm-linux-androideabi-4.9/prebuilt/linux-x86_64 --sysroot=/home/chaos/.buildozer/android/platform/android-ndk-r17c/sysroot -isystem /home/chaos/.buildozer/android/platform/android-ndk-r17c/sysroot/usr/include/arm-linux-androideabi -D__ANDROID_API__=14 -g -DANDROID -ffunction-sections -funwind-tables -fstack-protector-strong -no-canonical-prefixes -march=armv7-a -mfloat-abi=softfp -mfpu=vfpv3-d16 -mthumb -mfpu=neon -Wa,--noexecstack -Wformat -Werror=format-security    -Wl,--exclude-libs,libgcc.a -Wl,--exclude-libs,libatomic.a -nostdlib++ --sysroot /home/chaos/.buildozer/android/platform/android-ndk-r17c/platforms/android-14/arch-arm -Wl,--build-id -Wl,--warn-shared-textrel -Wl,--fatal-warnings -Wl,--fix-cortex-a8 -Wl,--exclude-libs,libunwind.a -L/home/chaos/.buildozer/android/platform/android-ndk-r17c/sources/cxx-stl/llvm-libc++/libs/armeabi-v7a -Wl,--no-undefined -Wl,-z,noexecstack -Qunused-arguments -Wl,-z,relro -Wl,-z,now -Wl,--gc-sections -Wl,-z,nocopyreloc   CMakeFiles/cmTC_eae00.dir/UNSIGNED_SHORT.c.o  -o cmTC_eae00 -latomic -lm 
make[1]: Leaving directory '/home/chaos/Scouting-2019-Python/.buildozer/android/platform/build/build/other_builds/jpeg/armeabi-v7a__ndk_target_21/jpeg/CMakeFiles/CMakeTmp'


Performing C SOURCE FILE Test INCOMPLETE_TYPES succeeded with the following output:
Change Dir: /home/chaos/Scouting-2019-Python/.buildozer/android/platform/build/build/other_builds/jpeg/armeabi-v7a__ndk_target_21/jpeg/CMakeFiles/CMakeTmp

Run Build Command:"/usr/bin/make" "cmTC_2937e/fast"
/usr/bin/make -f CMakeFiles/cmTC_2937e.dir/build.make CMakeFiles/cmTC_2937e.dir/build
make[1]: Entering directory '/home/chaos/Scouting-2019-Python/.buildozer/android/platform/build/build/other_builds/jpeg/armeabi-v7a__ndk_target_21/jpeg/CMakeFiles/CMakeTmp'
Building C object CMakeFiles/cmTC_2937e.dir/src.c.o
/home/chaos/.buildozer/android/platform/android-ndk-r17c/toolchains/llvm/prebuilt/linux-x86_64/bin/clang --target=armv7-none-linux-androideabi --gcc-toolchain=/home/chaos/.buildozer/android/platform/android-ndk-r17c/toolchains/arm-linux-androideabi-4.9/prebuilt/linux-x86_64 --sysroot=/home/chaos/.buildozer/android/platform/android-ndk-r17c/sysroot   -isystem /home/chaos/.buildozer/android/platform/android-ndk-r17c/sysroot/usr/include/arm-linux-androideabi -D__ANDROID_API__=14 -g -DANDROID -ffunction-sections -funwind-tables -fstack-protector-strong -no-canonical-prefixes -march=armv7-a -mfloat-abi=softfp -mfpu=vfpv3-d16 -mthumb -mfpu=neon -Wa,--noexecstack -Wformat -Werror=format-security  -DINCOMPLETE_TYPES -fPIE   -o CMakeFiles/cmTC_2937e.dir/src.c.o   -c /home/chaos/Scouting-2019-Python/.buildozer/android/platform/build/build/other_builds/jpeg/armeabi-v7a__ndk_target_21/jpeg/CMakeFiles/CMakeTmp/src.c
Linking C executable cmTC_2937e
/usr/bin/cmake -E cmake_link_script CMakeFiles/cmTC_2937e.dir/link.txt --verbose=1
/home/chaos/.buildozer/android/platform/android-ndk-r17c/toolchains/llvm/prebuilt/linux-x86_64/bin/clang --target=armv7-none-linux-androideabi --gcc-toolchain=/home/chaos/.buildozer/android/platform/android-ndk-r17c/toolchains/arm-linux-androideabi-4.9/prebuilt/linux-x86_64 --sysroot=/home/chaos/.buildozer/android/platform/android-ndk-r17c/sysroot -isystem /home/chaos/.buildozer/android/platform/android-ndk-r17c/sysroot/usr/include/arm-linux-androideabi -D__ANDROID_API__=14 -g -DANDROID -ffunction-sections -funwind-tables -fstack-protector-strong -no-canonical-prefixes -march=armv7-a -mfloat-abi=softfp -mfpu=vfpv3-d16 -mthumb -mfpu=neon -Wa,--noexecstack -Wformat -Werror=format-security  -DINCOMPLETE_TYPES  -Wl,--exclude-libs,libgcc.a -Wl,--exclude-libs,libatomic.a -nostdlib++ --sysroot /home/chaos/.buildozer/android/platform/android-ndk-r17c/platforms/android-14/arch-arm -Wl,--build-id -Wl,--warn-shared-textrel -Wl,--fatal-warnings -Wl,--fix-cortex-a8 -Wl,--exclude-libs,libunwind.a -L/home/chaos/.buildozer/android/platform/android-ndk-r17c/sources/cxx-stl/llvm-libc++/libs/armeabi-v7a -Wl,--no-undefined -Wl,-z,noexecstack -Qunused-arguments -Wl,-z,relro -Wl,-z,now -Wl,--gc-sections -Wl,-z,nocopyreloc   CMakeFiles/cmTC_2937e.dir/src.c.o  -o cmTC_2937e -latomic -lm 
make[1]: Leaving directory '/home/chaos/Scouting-2019-Python/.buildozer/android/platform/build/build/other_builds/jpeg/armeabi-v7a__ndk_target_21/jpeg/CMakeFiles/CMakeTmp'

Source file was:
int main(void) { typedef struct undefined_structure *undef_struct_ptr;  undef_struct_ptr ptr = 0;  return ptr != 0; }
Performing C SOURCE FILE Test INLINE_WORKS succeeded with the following output:
Change Dir: /home/chaos/Scouting-2019-Python/.buildozer/android/platform/build/build/other_builds/jpeg/armeabi-v7a__ndk_target_21/jpeg/CMakeFiles/CMakeTmp

Run Build Command:"/usr/bin/make" "cmTC_0e1f3/fast"
/usr/bin/make -f CMakeFiles/cmTC_0e1f3.dir/build.make CMakeFiles/cmTC_0e1f3.dir/build
make[1]: Entering directory '/home/chaos/Scouting-2019-Python/.buildozer/android/platform/build/build/other_builds/jpeg/armeabi-v7a__ndk_target_21/jpeg/CMakeFiles/CMakeTmp'
Building C object CMakeFiles/cmTC_0e1f3.dir/src.c.o
/home/chaos/.buildozer/android/platform/android-ndk-r17c/toolchains/llvm/prebuilt/linux-x86_64/bin/clang --target=armv7-none-linux-androideabi --gcc-toolchain=/home/chaos/.buildozer/android/platform/android-ndk-r17c/toolchains/arm-linux-androideabi-4.9/prebuilt/linux-x86_64 --sysroot=/home/chaos/.buildozer/android/platform/android-ndk-r17c/sysroot   -isystem /home/chaos/.buildozer/android/platform/android-ndk-r17c/sysroot/usr/include/arm-linux-androideabi -D__ANDROID_API__=14 -g -DANDROID -ffunction-sections -funwind-tables -fstack-protector-strong -no-canonical-prefixes -march=armv7-a -mfloat-abi=softfp -mfpu=vfpv3-d16 -mthumb -mfpu=neon -Wa,--noexecstack -Wformat -Werror=format-security  -DINLINE_WORKS -fPIE   -o CMakeFiles/cmTC_0e1f3.dir/src.c.o   -c /home/chaos/Scouting-2019-Python/.buildozer/android/platform/build/build/other_builds/jpeg/armeabi-v7a__ndk_target_21/jpeg/CMakeFiles/CMakeTmp/src.c
Linking C executable cmTC_0e1f3
/usr/bin/cmake -E cmake_link_script CMakeFiles/cmTC_0e1f3.dir/link.txt --verbose=1
/home/chaos/.buildozer/android/platform/android-ndk-r17c/toolchains/llvm/prebuilt/linux-x86_64/bin/clang --target=armv7-none-linux-androideabi --gcc-toolchain=/home/chaos/.buildozer/android/platform/android-ndk-r17c/toolchains/arm-linux-androideabi-4.9/prebuilt/linux-x86_64 --sysroot=/home/chaos/.buildozer/android/platform/android-ndk-r17c/sysroot -isystem /home/chaos/.buildozer/android/platform/android-ndk-r17c/sysroot/usr/include/arm-linux-androideabi -D__ANDROID_API__=14 -g -DANDROID -ffunction-sections -funwind-tables -fstack-protector-strong -no-canonical-prefixes -march=armv7-a -mfloat-abi=softfp -mfpu=vfpv3-d16 -mthumb -mfpu=neon -Wa,--noexecstack -Wformat -Werror=format-security  -DINLINE_WORKS  -Wl,--exclude-libs,libgcc.a -Wl,--exclude-libs,libatomic.a -nostdlib++ --sysroot /home/chaos/.buildozer/android/platform/android-ndk-r17c/platforms/android-14/arch-arm -Wl,--build-id -Wl,--warn-shared-textrel -Wl,--fatal-warnings -Wl,--fix-cortex-a8 -Wl,--exclude-libs,libunwind.a -L/home/chaos/.buildozer/android/platform/android-ndk-r17c/sources/cxx-stl/llvm-libc++/libs/armeabi-v7a -Wl,--no-undefined -Wl,-z,noexecstack -Qunused-arguments -Wl,-z,relro -Wl,-z,now -Wl,--gc-sections -Wl,-z,nocopyreloc   CMakeFiles/cmTC_0e1f3.dir/src.c.o  -o cmTC_0e1f3 -latomic -lm 
make[1]: Leaving directory '/home/chaos/Scouting-2019-Python/.buildozer/android/platform/build/build/other_builds/jpeg/armeabi-v7a__ndk_target_21/jpeg/CMakeFiles/CMakeTmp'

Source file was:
__inline__ __attribute__((always_inline)) static int foo(void) { return 0; } int main(void) { return foo(); }
Performing C SOURCE FILE Test HAVE_VERSION_SCRIPT succeeded with the following output:
Change Dir: /home/chaos/Scouting-2019-Python/.buildozer/android/platform/build/build/other_builds/jpeg/armeabi-v7a__ndk_target_21/jpeg/CMakeFiles/CMakeTmp

Run Build Command:"/usr/bin/make" "cmTC_84170/fast"
/usr/bin/make -f CMakeFiles/cmTC_84170.dir/build.make CMakeFiles/cmTC_84170.dir/build
make[1]: Entering directory '/home/chaos/Scouting-2019-Python/.buildozer/android/platform/build/build/other_builds/jpeg/armeabi-v7a__ndk_target_21/jpeg/CMakeFiles/CMakeTmp'
Building C object CMakeFiles/cmTC_84170.dir/src.c.o
/home/chaos/.buildozer/android/platform/android-ndk-r17c/toolchains/llvm/prebuilt/linux-x86_64/bin/clang --target=armv7-none-linux-androideabi --gcc-toolchain=/home/chaos/.buildozer/android/platform/android-ndk-r17c/toolchains/arm-linux-androideabi-4.9/prebuilt/linux-x86_64 --sysroot=/home/chaos/.buildozer/android/platform/android-ndk-r17c/sysroot   -isystem /home/chaos/.buildozer/android/platform/android-ndk-r17c/sysroot/usr/include/arm-linux-androideabi -D__ANDROID_API__=14 -g -DANDROID -ffunction-sections -funwind-tables -fstack-protector-strong -no-canonical-prefixes -march=armv7-a -mfloat-abi=softfp -mfpu=vfpv3-d16 -mthumb -mfpu=neon -Wa,--noexecstack -Wformat -Werror=format-security  -DHAVE_VERSION_SCRIPT -Wl,--version-script,/home/chaos/Scouting-2019-Python/.buildozer/android/platform/build/build/other_builds/jpeg/armeabi-v7a__ndk_target_21/jpeg/conftest.map -fPIE   -o CMakeFiles/cmTC_84170.dir/src.c.o   -c /home/chaos/Scouting-2019-Python/.buildozer/android/platform/build/build/other_builds/jpeg/armeabi-v7a__ndk_target_21/jpeg/CMakeFiles/CMakeTmp/src.c
clang: warning: -Wl,--version-script,/home/chaos/Scouting-2019-Python/.buildozer/android/platform/build/build/other_builds/jpeg/armeabi-v7a__ndk_target_21/jpeg/conftest.map: 'linker' input unused [-Wunused-command-line-argument]
Linking C executable cmTC_84170
/usr/bin/cmake -E cmake_link_script CMakeFiles/cmTC_84170.dir/link.txt --verbose=1
/home/chaos/.buildozer/android/platform/android-ndk-r17c/toolchains/llvm/prebuilt/linux-x86_64/bin/clang --target=armv7-none-linux-androideabi --gcc-toolchain=/home/chaos/.buildozer/android/platform/android-ndk-r17c/toolchains/arm-linux-androideabi-4.9/prebuilt/linux-x86_64 --sysroot=/home/chaos/.buildozer/android/platform/android-ndk-r17c/sysroot -isystem /home/chaos/.buildozer/android/platform/android-ndk-r17c/sysroot/usr/include/arm-linux-androideabi -D__ANDROID_API__=14 -g -DANDROID -ffunction-sections -funwind-tables -fstack-protector-strong -no-canonical-prefixes -march=armv7-a -mfloat-abi=softfp -mfpu=vfpv3-d16 -mthumb -mfpu=neon -Wa,--noexecstack -Wformat -Werror=format-security  -DHAVE_VERSION_SCRIPT -Wl,--version-script,/home/chaos/Scouting-2019-Python/.buildozer/android/platform/build/build/other_builds/jpeg/armeabi-v7a__ndk_target_21/jpeg/conftest.map  -Wl,--exclude-libs,libgcc.a -Wl,--exclude-libs,libatomic.a -nostdlib++ --sysroot /home/chaos/.buildozer/android/platform/android-ndk-r17c/platforms/android-14/arch-arm -Wl,--build-id -Wl,--warn-shared-textrel -Wl,--fatal-warnings -Wl,--fix-cortex-a8 -Wl,--exclude-libs,libunwind.a -L/home/chaos/.buildozer/android/platform/android-ndk-r17c/sources/cxx-stl/llvm-libc++/libs/armeabi-v7a -Wl,--no-undefined -Wl,-z,noexecstack -Qunused-arguments -Wl,-z,relro -Wl,-z,now -Wl,--gc-sections -Wl,-z,nocopyreloc   CMakeFiles/cmTC_84170.dir/src.c.o  -o cmTC_84170 -latomic -lm 
make[1]: Leaving directory '/home/chaos/Scouting-2019-Python/.buildozer/android/platform/build/build/other_builds/jpeg/armeabi-v7a__ndk_target_21/jpeg/CMakeFiles/CMakeTmp'

Source file was:
int main(void) { return 0; }
